TpTrace Verbose: 0 : 5756, 2, 2025/09/15, 09:19:56.348, 1938627033074, datacollector.dll, Version: 17.14.1-release-25302-01
TpTrace Information: 0 : 5756, 2, 2025/09/15, 09:19:56.351, 1938627068735, datacollector.dll, DataCollectorMain.Run: Starting data collector run with args: --port,53114,--parentprocessid,8288,--diag,D:\Automation\WWT-Automation\bin\Debug\net8.0\fine-code-coverage\coverage-tool-output\diagnostics.datacollector.25-09-15_09-19-56_26080_5.log,--tracelevel,4
TpTrace Information: 0 : 5756, 2, 2025/09/15, 09:19:56.351, 1938627069436, datacollector.dll, DataCollector: Monitoring parent process with id: '8288'
TpTrace Information: 0 : 5756, 2, 2025/09/15, 09:19:56.358, 1938627132716, datacollector.dll, Trying to connect to server on socket : 127.0.0.1:53114 
TpTrace Verbose: 0 : 5756, 2, 2025/09/15, 09:19:56.366, 1938627214135, datacollector.dll, SocketCommunicationManager : SetupClientAsync : Attempting to connect to the server.
TpTrace Information: 0 : 5756, 6, 2025/09/15, 09:19:56.372, 1938627276633, datacollector.dll, Connected to the server successfully 
TpTrace Information: 0 : 5756, 6, 2025/09/15, 09:19:56.372, 1938627277271, datacollector.dll, Using the buffer size of 16384 bytes
TpTrace Information: 0 : 5756, 2, 2025/09/15, 09:19:56.437, 1938627932101, datacollector.dll, DataCollector: Start Request Processing.
TpTrace Verbose: 0 : 5756, 2, 2025/09/15, 09:19:56.438, 1938627933801, datacollector.dll, SocketCommunicationManager.WaitForServerConnection took: 0 ms, with 90000 ms timeout, and finished with True.
TpTrace Information: 0 : 5756, 2, 2025/09/15, 09:19:56.438, 1938627935759, datacollector.dll, DataCollectionRequestHandler.ProcessRequests: Datacollector received message: (DataCollection.BeforeTestRunStart) -> {"MessageType":"DataCollection.BeforeTestRunStart","Payload":{"SettingsXml":"<RunSettings><RunConfiguration><ResultsDirectory>D:\\Automation\\WWT-Automation\\bin\\Debug\\net8.0\\fine-code-coverage\\coverage-tool-output</ResultsDirectory><TargetPlatform>X64</TargetPlatform><TargetFrameworkVersion>.NETCoreApp,Version=v8.0</TargetFrameworkVersion><DesignMode>False</DesignMode><CollectSourceInformation>False</CollectSourceInformation><TestAdaptersPaths>C:\\Program Files\\dotnet\\sdk\\9.0.304\\Extensions</TestAdaptersPaths></RunConfiguration><LoggerRunSettings><Loggers><Logger friendlyName=\"blame\" enabled=\"True\" /><Logger friendlyName=\"Console\" uri=\"logger://microsoft/TestPlatform/ConsoleLogger/v1\" assemblyQualifiedName=\"Microsoft.VisualStudio.TestPlatform.CommandLine.Internal.ConsoleLogger, vstest.console, Version=15.0.0.0, Culture=neutral, PublicKeyToken=b03f5f7f11d50a3a\" codeBase=\"C:\\Program Files\\dotnet\\sdk\\9.0.304\\vstest.console.dll\" enabled=\"True\" /></Loggers></LoggerRunSettings><DataCollectionRunSettings><DataCollectors><DataCollector friendlyName=\"blame\" enabled=\"True\"><Configuration><ResultsDirectory>D:\\Automation\\WWT-Automation\\bin\\Debug\\net8.0\\fine-code-coverage\\coverage-tool-output</ResultsDirectory></Configuration></DataCollector></DataCollectors></DataCollectionRunSettings></RunSettings>","Sources":["D:\\Automation\\WWT-Automation\\bin\\Debug\\net8.0\\fine-code-coverage\\build-output\\WWT-Automation.dll"],"IsTelemetryOptedIn":false}}
TpTrace Verbose: 0 : 5756, 2, 2025/09/15, 09:19:56.467, 1938628227426, datacollector.dll, TestPluginCache: Update extensions started. Skip filter = False
TpTrace Verbose: 0 : 5756, 2, 2025/09/15, 09:19:56.468, 1938628232639, datacollector.dll, TestPluginCache: Using directories for assembly resolution 'C:\Program Files\dotnet\sdk\9.0.304\Extensions'.
TpTrace Verbose: 0 : 5756, 2, 2025/09/15, 09:19:56.468, 1938628233131, datacollector.dll, TestPluginCache: Updated the available extensions to 'C:\Program Files\dotnet\sdk\9.0.304\Extensions\Microsoft.TestPlatform.Extensions.BlameDataCollector.dll,C:\Program Files\dotnet\sdk\9.0.304\Extensions\Microsoft.TestPlatform.Extensions.EventLogCollector.dll'.
TpTrace Verbose: 0 : 5756, 2, 2025/09/15, 09:19:56.471, 1938628267383, datacollector.dll, TestPluginCache.DiscoverTestExtensions: finding test extensions in assemblies ends with: Collector.dll TPluginInfo: Microsoft.VisualStudio.TestPlatform.Common.DataCollector.DataCollectorConfig TExtension: Microsoft.VisualStudio.TestPlatform.ObjectModel.DataCollection.DataCollector
TpTrace Verbose: 0 : 5756, 2, 2025/09/15, 09:19:56.472, 1938628275076, datacollector.dll, TestPluginCache.GetExtensionPaths: Filtered extension paths: C:\Program Files\dotnet\sdk\9.0.304\Extensions\Microsoft.TestPlatform.Extensions.BlameDataCollector.dll
C:\Program Files\dotnet\sdk\9.0.304\Extensions\Microsoft.TestPlatform.Extensions.EventLogCollector.dll
TpTrace Verbose: 0 : 5756, 2, 2025/09/15, 09:19:56.472, 1938628275485, datacollector.dll, TestPluginCache.GetExtensionPaths: Added default extension paths: 
TpTrace Verbose: 0 : 5756, 2, 2025/09/15, 09:19:56.472, 1938628275713, datacollector.dll, TestPluginCache.GetExtensionPaths: Added unfilterableExtensionPaths: 
TpTrace Information: 0 : 5756, 2, 2025/09/15, 09:19:56.472, 1938628279616, datacollector.dll, AssemblyResolver.ctor: Creating AssemblyResolver with searchDirectories C:\Program Files\dotnet\sdk\9.0.304\Extensions,C:\Program Files\dotnet\sdk\9.0.304
TpTrace Verbose: 0 : 5756, 2, 2025/09/15, 09:19:56.473, 1938628288016, datacollector.dll, TestPluginCache.DiscoverTestExtensions: Discovering the extensions using extension path.
TpTrace Verbose: 0 : 5756, 2, 2025/09/15, 09:19:56.473, 1938628288877, datacollector.dll, TestPluginCache.GetExtensionPaths: Filtered extension paths: C:\Program Files\dotnet\sdk\9.0.304\Extensions\Microsoft.TestPlatform.Extensions.BlameDataCollector.dll
C:\Program Files\dotnet\sdk\9.0.304\Extensions\Microsoft.TestPlatform.Extensions.EventLogCollector.dll
TpTrace Verbose: 0 : 5756, 2, 2025/09/15, 09:19:56.473, 1938628289221, datacollector.dll, TestPluginCache.GetExtensionPaths: Added default extension paths: 
TpTrace Verbose: 0 : 5756, 2, 2025/09/15, 09:19:56.473, 1938628289429, datacollector.dll, TestPluginCache.GetExtensionPaths: Added unfilterableExtensionPaths: 
TpTrace Verbose: 0 : 5756, 2, 2025/09/15, 09:19:56.473, 1938628289767, datacollector.dll, TestPluginCache.DiscoverTestExtensions: Discovering the extensions using allExtensionPaths: C:\Program Files\dotnet\sdk\9.0.304\Extensions\Microsoft.TestPlatform.Extensions.BlameDataCollector.dll
C:\Program Files\dotnet\sdk\9.0.304\Extensions\Microsoft.TestPlatform.Extensions.EventLogCollector.dll
TpTrace Information: 0 : 5756, 2, 2025/09/15, 09:19:56.473, 1938628290511, datacollector.dll, AssemblyResolver.AddSearchDirectories: Adding more searchDirectories C:\Program Files\dotnet\sdk\9.0.304\Extensions,C:\Program Files\dotnet\sdk\9.0.304
TpTrace Information: 0 : 5756, 2, 2025/09/15, 09:19:56.473, 1938628291025, datacollector.dll, AssemblyResolver.AddSearchDirectories: Adding more searchDirectories C:\Program Files\dotnet\sdk\9.0.304\Extensions,C:\Program Files\dotnet\sdk\9.0.304
TpTrace Information: 0 : 5756, 2, 2025/09/15, 09:19:56.474, 1938628293788, datacollector.dll, AssemblyResolver.OnResolve: Microsoft.TestPlatform.Extensions.BlameDataCollector: Resolving assembly.
TpTrace Information: 0 : 5756, 2, 2025/09/15, 09:19:56.474, 1938628294288, datacollector.dll, AssemblyResolver.OnResolve: Microsoft.TestPlatform.Extensions.BlameDataCollector: Searching in: 'C:\Program Files\dotnet\sdk\9.0.304\Extensions'.
TpTrace Information: 0 : 5756, 2, 2025/09/15, 09:19:56.484, 1938628393469, datacollector.dll, AssemblyResolver.OnResolve: Microsoft.TestPlatform.Extensions.BlameDataCollector: Loading assembly 'C:\Program Files\dotnet\sdk\9.0.304\Extensions\Microsoft.TestPlatform.Extensions.BlameDataCollector.dll'.
TpTrace Information: 0 : 5756, 2, 2025/09/15, 09:19:56.484, 1938628397877, datacollector.dll, AssemblyResolver.OnResolve: Resolved assembly: Microsoft.TestPlatform.Extensions.BlameDataCollector, from path: C:\Program Files\dotnet\sdk\9.0.304\Extensions\Microsoft.TestPlatform.Extensions.BlameDataCollector.dll
TpTrace Verbose: 0 : 5756, 2, 2025/09/15, 09:19:56.485, 1938628403614, datacollector.dll, MetadataReaderExtensionsHelper: Discovering extensions inside assembly 'Microsoft.TestPlatform.Extensions.BlameDataCollector, Version=15.0.0.0, Culture=neutral, PublicKeyToken=b03f5f7f11d50a3a' file path 'C:\Program Files\dotnet\sdk\9.0.304\Extensions\Microsoft.TestPlatform.Extensions.BlameDataCollector.dll'
TpTrace Error: 0 : 5756, 2, 2025/09/15, 09:19:56.486, 1938628419426, datacollector.dll, The type "Microsoft.TestPlatform.Extensions.BlameDataCollector.BlameCollector" defined in "Microsoft.TestPlatform.Extensions.BlameDataCollector.dll" does not have ExtensionUri attribute.
TpTrace Information: 0 : 5756, 2, 2025/09/15, 09:19:56.489, 1938628443186, datacollector.dll, GetTestExtensionFromType: Register extension with identifier data 'datacollector://microsoft/TestPlatform/Extensions/Blame/v1' and type 'Microsoft.TestPlatform.Extensions.BlameDataCollector.BlameCollector, Microsoft.TestPlatform.Extensions.BlameDataCollector, Version=15.0.0.0, Culture=neutral, PublicKeyToken=b03f5f7f11d50a3a' inside file 'C:\Program Files\dotnet\sdk\9.0.304\Extensions\Microsoft.TestPlatform.Extensions.BlameDataCollector.dll'
TpTrace Information: 0 : 5756, 2, 2025/09/15, 09:19:56.489, 1938628443960, datacollector.dll, AssemblyResolver.OnResolve: Microsoft.TestPlatform.Extensions.EventLogCollector: Resolving assembly.
TpTrace Information: 0 : 5756, 2, 2025/09/15, 09:19:56.489, 1938628444293, datacollector.dll, AssemblyResolver.OnResolve: Microsoft.TestPlatform.Extensions.EventLogCollector: Searching in: 'C:\Program Files\dotnet\sdk\9.0.304\Extensions'.
TpTrace Information: 0 : 5756, 2, 2025/09/15, 09:19:56.489, 1938628447835, datacollector.dll, AssemblyResolver.OnResolve: Microsoft.TestPlatform.Extensions.EventLogCollector: Loading assembly 'C:\Program Files\dotnet\sdk\9.0.304\Extensions\Microsoft.TestPlatform.Extensions.EventLogCollector.dll'.
TpTrace Information: 0 : 5756, 2, 2025/09/15, 09:19:56.489, 1938628451561, datacollector.dll, AssemblyResolver.OnResolve: Resolved assembly: Microsoft.TestPlatform.Extensions.EventLogCollector, from path: C:\Program Files\dotnet\sdk\9.0.304\Extensions\Microsoft.TestPlatform.Extensions.EventLogCollector.dll
TpTrace Verbose: 0 : 5756, 2, 2025/09/15, 09:19:56.489, 1938628452259, datacollector.dll, MetadataReaderExtensionsHelper: Discovering extensions inside assembly 'Microsoft.TestPlatform.Extensions.EventLogCollector, Version=15.0.0.0, Culture=neutral, PublicKeyToken=b03f5f7f11d50a3a' file path 'C:\Program Files\dotnet\sdk\9.0.304\Extensions\Microsoft.TestPlatform.Extensions.EventLogCollector.dll'
TpTrace Error: 0 : 5756, 2, 2025/09/15, 09:19:56.491, 1938628468399, datacollector.dll, The type "Microsoft.TestPlatform.Extensions.EventLogCollector.EventLogDataCollector" defined in "Microsoft.TestPlatform.Extensions.EventLogCollector.dll" does not have ExtensionUri attribute.
TpTrace Information: 0 : 5756, 2, 2025/09/15, 09:19:56.491, 1938628470518, datacollector.dll, GetTestExtensionFromType: Register extension with identifier data 'datacollector://microsoft/EventLog/2.0' and type 'Microsoft.TestPlatform.Extensions.EventLogCollector.EventLogDataCollector, Microsoft.TestPlatform.Extensions.EventLogCollector, Version=15.0.0.0, Culture=neutral, PublicKeyToken=b03f5f7f11d50a3a' inside file 'C:\Program Files\dotnet\sdk\9.0.304\Extensions\Microsoft.TestPlatform.Extensions.EventLogCollector.dll'
TpTrace Verbose: 0 : 5756, 2, 2025/09/15, 09:19:56.491, 1938628472081, datacollector.dll, TestPluginCache: Discovered the extensions using extension path 'C:\Program Files\dotnet\sdk\9.0.304\Extensions\Microsoft.TestPlatform.Extensions.BlameDataCollector.dll,C:\Program Files\dotnet\sdk\9.0.304\Extensions\Microsoft.TestPlatform.Extensions.EventLogCollector.dll'.
TpTrace Verbose: 0 : 5756, 2, 2025/09/15, 09:19:56.492, 1938628472452, datacollector.dll, TestPluginCache: Discoverers are ''.
TpTrace Verbose: 0 : 5756, 2, 2025/09/15, 09:19:56.492, 1938628472664, datacollector.dll, TestPluginCache: Executors are ''.
TpTrace Verbose: 0 : 5756, 2, 2025/09/15, 09:19:56.492, 1938628472854, datacollector.dll, TestPluginCache: Executors2 are ''.
TpTrace Verbose: 0 : 5756, 2, 2025/09/15, 09:19:56.492, 1938628473104, datacollector.dll, TestPluginCache: Setting providers are ''.
TpTrace Verbose: 0 : 5756, 2, 2025/09/15, 09:19:56.492, 1938628473318, datacollector.dll, TestPluginCache: Loggers are ''.
TpTrace Verbose: 0 : 5756, 2, 2025/09/15, 09:19:56.492, 1938628473513, datacollector.dll, TestPluginCache: TestHosts are ''.
TpTrace Verbose: 0 : 5756, 2, 2025/09/15, 09:19:56.492, 1938628474669, datacollector.dll, TestPluginCache: DataCollectors are 'datacollector://microsoft/TestPlatform/Extensions/Blame/v1,datacollector://microsoft/EventLog/2.0'.
TpTrace Information: 0 : 5756, 2, 2025/09/15, 09:19:56.493, 1938628490904, datacollector.dll, TestPluginManager.CreateTestExtension: Attempting to load test extension: Microsoft.TestPlatform.Extensions.BlameDataCollector.BlameCollector
TpTrace Information: 0 : 5756, 2, 2025/09/15, 09:19:56.496, 1938628515661, datacollector.dll, [MonitorPostmortemDump]Monitor enabled: 'False'
TpTrace Verbose: 0 : 5756, 2, 2025/09/15, 09:19:56.496, 1938628520331, datacollector.dll, MulticastDelegateUtilities.SafeInvoke: DataCollectionEvents.SessionStart: Invoking callbacks was skipped because there are no subscribers.
TpTrace Information: 0 : 5756, 2, 2025/09/15, 09:19:56.497, 1938628524300, datacollector.dll, Listening on Endpoint : 127.0.0.1:53116
TpTrace Information: 0 : 5756, 2, 2025/09/15, 09:19:56.501, 1938628566713, datacollector.dll, DataCollectionRequestHandler.ProcessRequests : DataCollection started.
TpTrace Information: 0 : 5756, 2, 2025/09/15, 09:19:56.538, 1938628940339, datacollector.dll, DataCollectionRequestHandler.ProcessRequests: Datacollector received message: (DataCollection.TestHostLaunched) -> {"MessageType":"DataCollection.TestHostLaunched","Payload":{"ProcessId":1120}}
TpTrace Verbose: 0 : 5756, 2, 2025/09/15, 09:19:56.539, 1938628951540, datacollector.dll, MulticastDelegateUtilities.SafeInvoke: DataCollectionEvents.TestHostLaunched: Invoking callback 1/1 for Microsoft.TestPlatform.Extensions.BlameDataCollector.BlameCollector., took 0 ms.
TpTrace Information: 0 : 5756, 8, 2025/09/15, 09:19:56.672, 1938630279398, datacollector.dll, Using the buffer size of 16384 bytes
TpTrace Information: 0 : 5756, 8, 2025/09/15, 09:19:56.672, 1938630280048, datacollector.dll, Accepted Client request and set the flag
TpTrace Verbose: 0 : 5756, 6, 2025/09/15, 09:19:56.672, 1938630279502, datacollector.dll, SocketCommunicationManager.WaitForClientConnection took: 173 ms, with 90000 ms timeout, and finished with True.
TpTrace Information: 0 : 5756, 6, 2025/09/15, 09:19:57.001, 1938633572458, datacollector.dll, DataCollectionTestCaseEventHandler: Test case starting.
TpTrace Information: 0 : 5756, 6, 2025/09/15, 09:19:57.010, 1938633653552, datacollector.dll, BlameCollector.EventsTestCaseStart: Test Case Start
TpTrace Verbose: 0 : 5756, 6, 2025/09/15, 09:19:57.010, 1938633654847, datacollector.dll, MulticastDelegateUtilities.SafeInvoke: DataCollectionEvents.TestCaseStart: Invoking callback 1/1 for Microsoft.TestPlatform.Extensions.BlameDataCollector.BlameCollector., took 0 ms.
TpTrace Information: 0 : 5756, 6, 2025/09/15, 09:19:57.010, 1938633656472, datacollector.dll, DataCollectionTestCaseEventHandler: Test case 'SignIn_InvalidPassword_ErrorMessage - eb864015-c405-a2fa-632f-a782bd649c35' started.
TpTrace Information: 0 : 5756, 6, 2025/09/15, 09:19:57.048, 1938634037691, datacollector.dll, DataCollectionTestCaseEventHandler: Test case completing.
TpTrace Information: 0 : 5756, 6, 2025/09/15, 09:19:57.051, 1938634065271, datacollector.dll, BlameCollector.EventsTestCaseEnd: Test Case End
TpTrace Verbose: 0 : 5756, 6, 2025/09/15, 09:19:57.051, 1938634067063, datacollector.dll, MulticastDelegateUtilities.SafeInvoke: DataCollectionEvents.TestCaseEnd: Invoking callback 1/1 for Microsoft.TestPlatform.Extensions.BlameDataCollector.BlameCollector., took 0 ms.
TpTrace Information: 0 : 5756, 6, 2025/09/15, 09:19:57.052, 1938634078861, datacollector.dll, DataCollectionTestCaseEventHandler: Test case 'SignIn_InvalidPassword_ErrorMessage - eb864015-c405-a2fa-632f-a782bd649c35' completed
TpTrace Information: 0 : 5756, 6, 2025/09/15, 09:19:57.057, 1938634126348, datacollector.dll, DataCollectionTestCaseEventHandler: Test case starting.
TpTrace Information: 0 : 5756, 6, 2025/09/15, 09:19:57.058, 1938634132548, datacollector.dll, BlameCollector.EventsTestCaseStart: Test Case Start
TpTrace Verbose: 0 : 5756, 6, 2025/09/15, 09:19:57.058, 1938634133075, datacollector.dll, MulticastDelegateUtilities.SafeInvoke: DataCollectionEvents.TestCaseStart: Invoking callback 1/1 for Microsoft.TestPlatform.Extensions.BlameDataCollector.BlameCollector., took 0 ms.
TpTrace Information: 0 : 5756, 6, 2025/09/15, 09:19:57.058, 1938634134151, datacollector.dll, DataCollectionTestCaseEventHandler: Test case 'SignIn_InvalidUsername_ErrorMessage - 74161b9e-5f6c-9c78-ead8-4b07afa30427' started.
TpTrace Information: 0 : 5756, 6, 2025/09/15, 09:19:57.058, 1938634141550, datacollector.dll, DataCollectionTestCaseEventHandler: Test case completing.
TpTrace Information: 0 : 5756, 6, 2025/09/15, 09:19:57.059, 1938634145734, datacollector.dll, BlameCollector.EventsTestCaseEnd: Test Case End
TpTrace Verbose: 0 : 5756, 6, 2025/09/15, 09:19:57.059, 1938634146195, datacollector.dll, MulticastDelegateUtilities.SafeInvoke: DataCollectionEvents.TestCaseEnd: Invoking callback 1/1 for Microsoft.TestPlatform.Extensions.BlameDataCollector.BlameCollector., took 0 ms.
TpTrace Information: 0 : 5756, 6, 2025/09/15, 09:19:57.059, 1938634147471, datacollector.dll, DataCollectionTestCaseEventHandler: Test case 'SignIn_InvalidUsername_ErrorMessage - 74161b9e-5f6c-9c78-ead8-4b07afa30427' completed
TpTrace Information: 0 : 5756, 6, 2025/09/15, 09:19:57.060, 1938634156695, datacollector.dll, DataCollectionTestCaseEventHandler: Test case starting.
TpTrace Information: 0 : 5756, 6, 2025/09/15, 09:19:57.060, 1938634159599, datacollector.dll, BlameCollector.EventsTestCaseStart: Test Case Start
TpTrace Verbose: 0 : 5756, 6, 2025/09/15, 09:19:57.060, 1938634160017, datacollector.dll, MulticastDelegateUtilities.SafeInvoke: DataCollectionEvents.TestCaseStart: Invoking callback 1/1 for Microsoft.TestPlatform.Extensions.BlameDataCollector.BlameCollector., took 0 ms.
TpTrace Information: 0 : 5756, 6, 2025/09/15, 09:19:57.060, 1938634160747, datacollector.dll, DataCollectionTestCaseEventHandler: Test case 'SignIn_ValidCredentials_SuccessfulSignIn - 09de22ff-ec11-24e5-facd-e5509ce2f055' started.
TpTrace Information: 0 : 5756, 6, 2025/09/15, 09:19:57.061, 1938634165249, datacollector.dll, DataCollectionTestCaseEventHandler: Test case completing.
TpTrace Information: 0 : 5756, 6, 2025/09/15, 09:19:57.061, 1938634167948, datacollector.dll, BlameCollector.EventsTestCaseEnd: Test Case End
TpTrace Verbose: 0 : 5756, 6, 2025/09/15, 09:19:57.061, 1938634168320, datacollector.dll, MulticastDelegateUtilities.SafeInvoke: DataCollectionEvents.TestCaseEnd: Invoking callback 1/1 for Microsoft.TestPlatform.Extensions.BlameDataCollector.BlameCollector., took 0 ms.
TpTrace Information: 0 : 5756, 6, 2025/09/15, 09:19:57.061, 1938634169122, datacollector.dll, DataCollectionTestCaseEventHandler: Test case 'SignIn_ValidCredentials_SuccessfulSignIn - 09de22ff-ec11-24e5-facd-e5509ce2f055' completed
TpTrace Information: 0 : 5756, 6, 2025/09/15, 09:19:57.062, 1938634173796, datacollector.dll, DataCollectionTestCaseEventHandler: Test case starting.
TpTrace Information: 0 : 5756, 6, 2025/09/15, 09:19:57.062, 1938634176525, datacollector.dll, BlameCollector.EventsTestCaseStart: Test Case Start
TpTrace Verbose: 0 : 5756, 6, 2025/09/15, 09:19:57.062, 1938634177116, datacollector.dll, MulticastDelegateUtilities.SafeInvoke: DataCollectionEvents.TestCaseStart: Invoking callback 1/1 for Microsoft.TestPlatform.Extensions.BlameDataCollector.BlameCollector., took 0 ms.
TpTrace Information: 0 : 5756, 6, 2025/09/15, 09:19:57.062, 1938634178240, datacollector.dll, DataCollectionTestCaseEventHandler: Test case 'SignIn_ValidCredentialsWith2FA_6DigitScreenAppears - 8348c1b7-b55d-5ba7-6c0f-339a6b3c5ce8' started.
TpTrace Information: 0 : 5756, 6, 2025/09/15, 09:19:57.063, 1938634182971, datacollector.dll, DataCollectionTestCaseEventHandler: Test case completing.
TpTrace Information: 0 : 5756, 6, 2025/09/15, 09:19:57.063, 1938634185949, datacollector.dll, BlameCollector.EventsTestCaseEnd: Test Case End
TpTrace Verbose: 0 : 5756, 6, 2025/09/15, 09:19:57.063, 1938634186540, datacollector.dll, MulticastDelegateUtilities.SafeInvoke: DataCollectionEvents.TestCaseEnd: Invoking callback 1/1 for Microsoft.TestPlatform.Extensions.BlameDataCollector.BlameCollector., took 0 ms.
TpTrace Information: 0 : 5756, 6, 2025/09/15, 09:19:57.063, 1938634187343, datacollector.dll, DataCollectionTestCaseEventHandler: Test case 'SignIn_ValidCredentialsWith2FA_6DigitScreenAppears - 8348c1b7-b55d-5ba7-6c0f-339a6b3c5ce8' completed
TpTrace Information: 0 : 5756, 6, 2025/09/15, 09:19:57.072, 1938634272802, datacollector.dll, DataCollectionTestCaseEventHandler: Test session ended
TpTrace Information: 0 : 5756, 2, 2025/09/15, 09:19:57.127, 1938634827637, datacollector.dll, DataCollectionRequestHandler.ProcessRequests: Datacollector received message: (DataCollection.AfterTestRunEnd) -> {"MessageType":"DataCollection.AfterTestRunEnd","Payload":false}
TpTrace Information: 0 : 5756, 2, 2025/09/15, 09:19:57.128, 1938634833841, datacollector.dll, Blame Collector: Session End
TpTrace Information: 0 : 5756, 2, 2025/09/15, 09:19:57.128, 1938634834257, datacollector.dll, BlameCollector.CollectDumpAndAbortTesthost: Custom path to dump directory was provided via VSTEST_DUMP_PATH. Skipping attachment upload, the caller is responsible for collecting and uploading the dumps themselves.
TpTrace Verbose: 0 : 5756, 2, 2025/09/15, 09:19:57.128, 1938634834901, datacollector.dll, MulticastDelegateUtilities.SafeInvoke: DataCollectionEvents.SessionEnd: Invoking callback 1/1 for Microsoft.TestPlatform.Extensions.BlameDataCollector.BlameCollector., took 0 ms.
TpTrace Information: 0 : 5756, 2, 2025/09/15, 09:19:57.128, 1938634838684, datacollector.dll, DataCollectionManager.CleanupPlugins: CleanupPlugins called
TpTrace Verbose: 0 : 5756, 2, 2025/09/15, 09:19:57.128, 1938634839134, datacollector.dll, DataCollectionManager.CleanupPlugins: Cleaning up 1 plugins
TpTrace Verbose: 0 : 5756, 2, 2025/09/15, 09:19:57.128, 1938634839970, datacollector.dll, dataCollectorInfo.DisposeDataCollector: calling Dispose() on Microsoft.TestPlatform.Extensions.BlameDataCollector.BlameCollector
TpTrace Information: 0 : 5756, 2, 2025/09/15, 09:19:57.128, 1938634840550, datacollector.dll, DataCollectionManager.CleanupPlugins: CleanupPlugins finished
TpTrace Information: 0 : 5756, 2, 2025/09/15, 09:19:57.131, 1938634867362, datacollector.dll, DataCollectionRequestHandler.ProcessRequests : Session End message received from server. Closing the connection.
TpTrace Information: 0 : 5756, 2, 2025/09/15, 09:19:57.131, 1938634868712, datacollector.dll, Closing the connection !
TpTrace Information: 0 : 5756, 2, 2025/09/15, 09:19:57.131, 1938634869061, datacollector.dll, DataCollectionRequestHandler.ProcessRequests : DataCollection completed
TpTrace Information: 0 : 5756, 2, 2025/09/15, 09:19:57.131, 1938634869302, datacollector.dll, Program.Main: exiting datacollector process.
