TpTrace Verbose: 0 : 1120, 1, 2025/09/15, 09:19:56.647, 1938630029719, testhost.dll, Version: 17.8.0 Current process architecture: X64
TpTrace Verbose: 0 : 1120, 1, 2025/09/15, 09:19:56.651, 1938630068378, testhost.dll, Runtime location: C:\Program Files\dotnet\shared\Microsoft.NETCore.App\8.0.19
TpTrace Information: 0 : 1120, 1, 2025/09/15, 09:19:56.653, 1938630089653, testhost.dll, DefaultEngineInvoker.Invoke: Testhost process started with args :[--port, 53117],[--endpoint, 127.0.0.1:053117],[--role, client],[--parentprocessid, 8288],[--diag, D:\Automation\WWT-Automation\bin\Debug\net8.0\fine-code-coverage\coverage-tool-output\diagnostics.host.25-09-15_09-19-56_50654_5.log],[--tracelevel, 4],[--datacollectionport, 53116],[--telemetryoptedin, false]
TpTrace Information: 0 : 1120, 1, 2025/09/15, 09:19:56.654, 1938630093141, testhost.dll, Setting up debug trace listener.
TpTrace Verbose: 0 : 1120, 1, 2025/09/15, 09:19:56.654, 1938630094119, testhost.dll, TestPlatformTraceListener.Setup: Replacing listener System.Diagnostics.DefaultTraceListener with TestHostTraceListener.
TpTrace Verbose: 0 : 1120, 1, 2025/09/15, 09:19:56.654, 1938630094770, testhost.dll, TestPlatformTraceListener.Setup: Added test platform trace listener.
TpTrace Information: 0 : 1120, 1, 2025/09/15, 09:19:56.654, 1938630096476, testhost.dll, DefaultEngineInvoker.SetParentProcessExitCallback: Monitoring parent process with id: '8288'
TpTrace Information: 0 : 1120, 1, 2025/09/15, 09:19:56.656, 1938630116403, testhost.dll, DefaultEngineInvoker.GetConnectionInfo: Initialize communication on endpoint address: '127.0.0.1:053117'
TpTrace Information: 0 : 1120, 1, 2025/09/15, 09:19:56.664, 1938630198164, testhost.dll, SocketClient.Start: connecting to server endpoint: 127.0.0.1:053117
TpTrace Information: 0 : 1120, 7, 2025/09/15, 09:19:56.668, 1938630236842, testhost.dll, SocketClient.OnServerConnected: connected to server endpoint: 127.0.0.1:053117
TpTrace Verbose: 0 : 1120, 7, 2025/09/15, 09:19:56.669, 1938630249480, testhost.dll, MulticastDelegateUtilities.SafeInvoke: SocketClient: ServerConnected: Invoking callback 1/1 for Microsoft.VisualStudio.TestPlatform.CommunicationUtilities.TestRequestHandler., took 0 ms.
TpTrace Verbose: 0 : 1120, 7, 2025/09/15, 09:19:56.669, 1938630249912, testhost.dll, Connected to server, and starting MessageLoopAsync
TpTrace Information: 0 : 1120, 1, 2025/09/15, 09:19:56.670, 1938630256425, testhost.dll, DefaultEngineInvoker.ConnectToDatacollector: Connecting to datacollector, port: 53116
TpTrace Information: 0 : 1120, 1, 2025/09/15, 09:19:56.671, 1938630262645, testhost.dll, Trying to connect to server on socket : 127.0.0.1:53116 
TpTrace Verbose: 0 : 1120, 1, 2025/09/15, 09:19:56.671, 1938630264542, testhost.dll, SocketCommunicationManager : SetupClientAsync : Attempting to connect to the server.
TpTrace Information: 0 : 1120, 11, 2025/09/15, 09:19:56.672, 1938630282273, testhost.dll, Connected to the server successfully 
TpTrace Information: 0 : 1120, 11, 2025/09/15, 09:19:56.673, 1938630282748, testhost.dll, Using the buffer size of 16384 bytes
TpTrace Verbose: 0 : 1120, 1, 2025/09/15, 09:19:56.673, 1938630283230, testhost.dll, SocketCommunicationManager.WaitForServerConnection took: 0 ms, with 90000 ms timeout, and finished with True.
TpTrace Information: 0 : 1120, 1, 2025/09/15, 09:19:56.673, 1938630284043, testhost.dll, DefaultEngineInvoker.Invoke: Start Request Processing.
TpTrace Information: 0 : 1120, 12, 2025/09/15, 09:19:56.673, 1938630288254, testhost.dll, DefaultEngineInvoker.StartProcessingAsync: Connected to vstest.console, Starting process requests.
TpTrace Verbose: 0 : 1120, 10, 2025/09/15, 09:19:56.674, 1938630294437, testhost.dll, TcpClientExtensions.MessageLoopAsync: Polling on remoteEndPoint: [::ffff:127.0.0.1]:53117 localEndPoint: [::ffff:127.0.0.1]:53118
TpTrace Verbose: 0 : 1120, 10, 2025/09/15, 09:19:56.674, 1938630295061, testhost.dll, TcpClientExtensions.MessageLoopAsync: NotifyDataAvailable remoteEndPoint: [::ffff:127.0.0.1]:53117 localEndPoint: [::ffff:127.0.0.1]:53118
TpTrace Information: 0 : 1120, 10, 2025/09/15, 09:19:56.676, 1938630315261, testhost.dll, TestRequestHandler.OnMessageReceived: received message: (ProtocolVersion) -> {"MessageType":"ProtocolVersion","Payload":7}
TpTrace Verbose: 0 : 1120, 10, 2025/09/15, 09:19:56.748, 1938631038567, testhost.dll, TestRequestHandler.SendData: sending data from testhost: {"Version":7,"MessageType":"TestSession.Message","Payload":{"MessageLevel":0,"Message":"Logging TestHost Diagnostics in file: D:\\Automation\\WWT-Automation\\bin\\Debug\\net8.0\\fine-code-coverage\\coverage-tool-output\\diagnostics.host.25-09-15_09-19-56_50654_5.log"}}
TpTrace Verbose: 0 : 1120, 10, 2025/09/15, 09:19:56.748, 1938631040307, testhost.dll, MulticastDelegateUtilities.SafeInvoke: LengthPrefixCommunicationChannel: MessageReceived: Invoking callback 1/1 for Microsoft.VisualStudio.TestPlatform.CommunicationUtilities.TestRequestHandler., took 74 ms.
TpTrace Verbose: 0 : 1120, 10, 2025/09/15, 09:19:56.748, 1938631040682, testhost.dll, TcpClientExtensions.MessageLoopAsync: Polling on remoteEndPoint: [::ffff:127.0.0.1]:53117 localEndPoint: [::ffff:127.0.0.1]:53118
TpTrace Verbose: 0 : 1120, 10, 2025/09/15, 09:19:56.748, 1938631041004, testhost.dll, TcpClientExtensions.MessageLoopAsync: NotifyDataAvailable remoteEndPoint: [::ffff:127.0.0.1]:53117 localEndPoint: [::ffff:127.0.0.1]:53118
TpTrace Information: 0 : 1120, 10, 2025/09/15, 09:19:56.749, 1938631043252, testhost.dll, TestRequestHandler.OnMessageReceived: received message: (TestExecution.Initialize) -> {"Version":7,"MessageType":"TestExecution.Initialize","Payload":["D:\\Automation\\WWT-Automation\\bin\\Debug\\net8.0\\fine-code-coverage\\build-output\\NUnit3.TestAdapter.dll"]}
TpTrace Verbose: 0 : 1120, 10, 2025/09/15, 09:19:56.754, 1938631102465, testhost.dll, MulticastDelegateUtilities.SafeInvoke: LengthPrefixCommunicationChannel: MessageReceived: Invoking callback 1/1 for Microsoft.VisualStudio.TestPlatform.CommunicationUtilities.TestRequestHandler., took 6 ms.
TpTrace Verbose: 0 : 1120, 10, 2025/09/15, 09:19:56.755, 1938631103201, testhost.dll, TcpClientExtensions.MessageLoopAsync: Polling on remoteEndPoint: [::ffff:127.0.0.1]:53117 localEndPoint: [::ffff:127.0.0.1]:53118
TpTrace Verbose: 0 : 1120, 10, 2025/09/15, 09:19:56.755, 1938631103552, testhost.dll, TcpClientExtensions.MessageLoopAsync: NotifyDataAvailable remoteEndPoint: [::ffff:127.0.0.1]:53117 localEndPoint: [::ffff:127.0.0.1]:53118
TpTrace Information: 0 : 1120, 10, 2025/09/15, 09:19:56.755, 1938631104386, testhost.dll, TestRequestHandler.OnMessageReceived: received message: (TestExecution.StartWithSources) -> {"Version":7,"MessageType":"TestExecution.StartWithSources","Payload":{"AdapterSourceMap":{"_none_":["D:\\Automation\\WWT-Automation\\bin\\Debug\\net8.0\\fine-code-coverage\\build-output\\WWT-Automation.dll"]},"RunSettings":"<RunSettings>\r\n  <RunConfiguration>\r\n    <ResultsDirectory>D:\\Automation\\WWT-Automation\\bin\\Debug\\net8.0\\fine-code-coverage\\coverage-tool-output</ResultsDirectory>\r\n    <TargetFrameworkVersion>.NETCoreApp,Version=v8.0</TargetFrameworkVersion>\r\n    <DesignMode>False</DesignMode>\r\n    <CollectSourceInformation>False</CollectSourceInformation>\r\n  </RunConfiguration>\r\n  <LoggerRunSettings>\r\n    <Loggers>\r\n      <Logger friendlyName=\"blame\" enabled=\"True\" />\r\n      <Logger friendlyName=\"Console\" uri=\"logger://microsoft/TestPlatform/ConsoleLogger/v1\" assemblyQualifiedName=\"Microsoft.VisualStudio.TestPlatform.CommandLine.Internal.ConsoleLogger, vstest.console, Version=15.0.0.0, Culture=neutral, PublicKeyToken=b03f5f7f11d50a3a\" codeBase=\"C:\\Program Files\\dotnet\\sdk\\9.0.304\\vstest.console.dll\" enabled=\"True\" />\r\n    </Loggers>\r\n  </LoggerRunSettings>\r\n  <DataCollectionRunSettings>\r\n    <DataCollectors>\r\n      <DataCollector friendlyName=\"blame\" enabled=\"True\">\r\n        <Configuration>\r\n          <ResultsDirectory>D:\\Automation\\WWT-Automation\\bin\\Debug\\net8.0\\fine-code-coverage\\coverage-tool-output</ResultsDirectory>\r\n        </Configuration>\r\n      </DataCollector>\r\n    </DataCollectors>\r\n  </DataCollectionRunSettings>\r\n</RunSettings>","TestExecutionContext":{"FrequencyOfRunStatsChangeEvent":10,"RunStatsChangeEventTimeout":"00:00:01.5000000","InIsolation":false,"KeepAlive":false,"AreTestCaseLevelEventsRequired":false,"IsDebug":false,"TestCaseFilter":null,"FilterOptions":null},"Package":null}}
TpTrace Information: 0 : 1120, 4, 2025/09/15, 09:19:56.755, 1938631106094, testhost.dll, TestRequestHandler.OnMessageReceived: Running job 'TestExecution.Initialize'.
TpTrace Verbose: 0 : 1120, 4, 2025/09/15, 09:19:56.757, 1938631122679, testhost.dll, TestExecutorService: Loading the extensions
TpTrace Verbose: 0 : 1120, 4, 2025/09/15, 09:19:56.758, 1938631132741, testhost.dll, TestPluginCache.DiscoverTestExtensions: finding test extensions in assemblies ends with: TestAdapter.dll TPluginInfo: Microsoft.VisualStudio.TestPlatform.Common.ExtensionFramework.Utilities.TestExecutorPluginInformation TExtension: Microsoft.VisualStudio.TestPlatform.ObjectModel.Adapter.ITestExecutor
TpTrace Verbose: 0 : 1120, 4, 2025/09/15, 09:19:56.758, 1938631141072, testhost.dll, TestPluginCache.GetExtensionPaths: Filtered extension paths: 
TpTrace Verbose: 0 : 1120, 4, 2025/09/15, 09:19:56.759, 1938631143828, testhost.dll, TestPluginCache.GetExtensionPaths: Added default extension paths: D:\Automation\WWT-Automation\bin\Debug\net8.0\fine-code-coverage\build-output\NUnit3.TestAdapter.dll
TpTrace Verbose: 0 : 1120, 4, 2025/09/15, 09:19:56.759, 1938631144202, testhost.dll, TestPluginCache.GetExtensionPaths: Added unfilterableExtensionPaths: 
TpTrace Information: 0 : 1120, 4, 2025/09/15, 09:19:56.760, 1938631155827, testhost.dll, AssemblyResolver.ctor: Creating AssemblyResolver with searchDirectories D:\Automation\WWT-Automation\bin\Debug\net8.0\fine-code-coverage\build-output
TpTrace Verbose: 0 : 1120, 4, 2025/09/15, 09:19:56.761, 1938631163614, testhost.dll, TestPluginCache.DiscoverTestExtensions: Discovering the extensions using extension path.
TpTrace Verbose: 0 : 1120, 4, 2025/09/15, 09:19:56.761, 1938631164778, testhost.dll, TestPluginCache.GetExtensionPaths: Filtered extension paths: 
TpTrace Verbose: 0 : 1120, 4, 2025/09/15, 09:19:56.761, 1938631165283, testhost.dll, TestPluginCache.GetExtensionPaths: Added default extension paths: D:\Automation\WWT-Automation\bin\Debug\net8.0\fine-code-coverage\build-output\NUnit3.TestAdapter.dll
TpTrace Verbose: 0 : 1120, 4, 2025/09/15, 09:19:56.761, 1938631165846, testhost.dll, TestPluginCache.GetExtensionPaths: Added unfilterableExtensionPaths: 
TpTrace Verbose: 0 : 1120, 4, 2025/09/15, 09:19:56.761, 1938631166587, testhost.dll, TestPluginCache.DiscoverTestExtensions: Discovering the extensions using allExtensionPaths: D:\Automation\WWT-Automation\bin\Debug\net8.0\fine-code-coverage\build-output\NUnit3.TestAdapter.dll
TpTrace Information: 0 : 1120, 4, 2025/09/15, 09:19:56.762, 1938631172495, testhost.dll, AssemblyResolver.AddSearchDirectories: Adding more searchDirectories D:\Automation\WWT-Automation\bin\Debug\net8.0\fine-code-coverage\build-output
TpTrace Information: 0 : 1120, 4, 2025/09/15, 09:19:56.763, 1938631191012, testhost.dll, AssemblyResolver.OnResolve: NUnit3.TestAdapter: Resolving assembly.
TpTrace Information: 0 : 1120, 4, 2025/09/15, 09:19:56.763, 1938631191507, testhost.dll, AssemblyResolver.OnResolve: NUnit3.TestAdapter: Searching in: 'D:\Automation\WWT-Automation\bin\Debug\net8.0\fine-code-coverage\build-output'.
TpTrace Information: 0 : 1120, 4, 2025/09/15, 09:19:56.769, 1938631244939, testhost.dll, AssemblyResolver.OnResolve: NUnit3.TestAdapter: Loading assembly 'D:\Automation\WWT-Automation\bin\Debug\net8.0\fine-code-coverage\build-output\NUnit3.TestAdapter.dll'.
TpTrace Information: 0 : 1120, 4, 2025/09/15, 09:19:56.769, 1938631250191, testhost.dll, AssemblyResolver.OnResolve: Resolved assembly: NUnit3.TestAdapter, from path: D:\Automation\WWT-Automation\bin\Debug\net8.0\fine-code-coverage\build-output\NUnit3.TestAdapter.dll
TpTrace Verbose: 0 : 1120, 10, 2025/09/15, 09:19:56.771, 1938631264662, testhost.dll, MulticastDelegateUtilities.SafeInvoke: LengthPrefixCommunicationChannel: MessageReceived: Invoking callback 1/1 for Microsoft.VisualStudio.TestPlatform.CommunicationUtilities.TestRequestHandler., took 16 ms.
TpTrace Verbose: 0 : 1120, 10, 2025/09/15, 09:19:56.771, 1938631265288, testhost.dll, TcpClientExtensions.MessageLoopAsync: Polling on remoteEndPoint: [::ffff:127.0.0.1]:53117 localEndPoint: [::ffff:127.0.0.1]:53118
TpTrace Verbose: 0 : 1120, 4, 2025/09/15, 09:19:56.783, 1938631387154, testhost.dll, MetadataReaderExtensionsHelper: Discovering extensions inside assembly 'NUnit3.TestAdapter, Version=4.5.0.0, Culture=neutral, PublicKeyToken=4cb40d35494691ac' file path 'D:\Automation\WWT-Automation\bin\Debug\net8.0\fine-code-coverage\build-output\NUnit3.TestAdapter.dll'
TpTrace Information: 0 : 1120, 4, 2025/09/15, 09:19:56.785, 1938631403974, testhost.dll, AssemblyResolver.OnResolve: nunit.engine.api: Resolving assembly.
TpTrace Information: 0 : 1120, 4, 2025/09/15, 09:19:56.785, 1938631404571, testhost.dll, AssemblyResolver.OnResolve: nunit.engine.api: Searching in: 'D:\Automation\WWT-Automation\bin\Debug\net8.0\fine-code-coverage\build-output'.
TpTrace Information: 0 : 1120, 4, 2025/09/15, 09:19:56.785, 1938631406318, testhost.dll, AssemblyResolver.OnResolve: nunit.engine.api: Loading assembly 'D:\Automation\WWT-Automation\bin\Debug\net8.0\fine-code-coverage\build-output\nunit.engine.api.dll'.
TpTrace Information: 0 : 1120, 4, 2025/09/15, 09:19:56.785, 1938631409074, testhost.dll, AssemblyResolver.OnResolve: Resolved assembly: nunit.engine.api, from path: D:\Automation\WWT-Automation\bin\Debug\net8.0\fine-code-coverage\build-output\nunit.engine.api.dll
TpTrace Information: 0 : 1120, 4, 2025/09/15, 09:19:56.788, 1938631433980, testhost.dll, GetTestExtensionFromType: Register extension with identifier data 'executor://NUnit3TestExecutor' and type 'NUnit.VisualStudio.TestAdapter.NUnit3TestExecutor, NUnit3.TestAdapter, Version=4.5.0.0, Culture=neutral, PublicKeyToken=4cb40d35494691ac' inside file 'D:\Automation\WWT-Automation\bin\Debug\net8.0\fine-code-coverage\build-output\NUnit3.TestAdapter.dll'
TpTrace Verbose: 0 : 1120, 4, 2025/09/15, 09:19:56.789, 1938631447095, testhost.dll, TestPluginCache: Discovered the extensions using extension path ''.
TpTrace Verbose: 0 : 1120, 4, 2025/09/15, 09:19:56.789, 1938631450607, testhost.dll, TestPluginCache: Discoverers are ''.
TpTrace Verbose: 0 : 1120, 4, 2025/09/15, 09:19:56.789, 1938631451125, testhost.dll, TestPluginCache: Executors are 'executor://NUnit3TestExecutor'.
TpTrace Verbose: 0 : 1120, 4, 2025/09/15, 09:19:56.789, 1938631451589, testhost.dll, TestPluginCache: Executors2 are ''.
TpTrace Verbose: 0 : 1120, 4, 2025/09/15, 09:19:56.789, 1938631452183, testhost.dll, TestPluginCache: Setting providers are ''.
TpTrace Verbose: 0 : 1120, 4, 2025/09/15, 09:19:56.790, 1938631452627, testhost.dll, TestPluginCache: Loggers are ''.
TpTrace Verbose: 0 : 1120, 4, 2025/09/15, 09:19:56.790, 1938631453060, testhost.dll, TestPluginCache: TestHosts are ''.
TpTrace Verbose: 0 : 1120, 4, 2025/09/15, 09:19:56.790, 1938631453492, testhost.dll, TestPluginCache: DataCollectors are ''.
TpTrace Verbose: 0 : 1120, 4, 2025/09/15, 09:19:56.791, 1938631467508, testhost.dll, TestPluginCache.DiscoverTestExtensions: finding test extensions in assemblies ends with: TestAdapter.dll TPluginInfo: Microsoft.VisualStudio.TestPlatform.Common.ExtensionFramework.Utilities.TestExecutorPluginInformation2 TExtension: Microsoft.VisualStudio.TestPlatform.ObjectModel.Adapter.ITestExecutor2
TpTrace Verbose: 0 : 1120, 4, 2025/09/15, 09:19:56.791, 1938631469065, testhost.dll, TestPluginCache.GetExtensionPaths: Filtered extension paths: 
TpTrace Verbose: 0 : 1120, 4, 2025/09/15, 09:19:56.791, 1938631469421, testhost.dll, TestPluginCache.GetExtensionPaths: Added default extension paths: D:\Automation\WWT-Automation\bin\Debug\net8.0\fine-code-coverage\build-output\NUnit3.TestAdapter.dll
TpTrace Verbose: 0 : 1120, 4, 2025/09/15, 09:19:56.791, 1938631469644, testhost.dll, TestPluginCache.GetExtensionPaths: Added unfilterableExtensionPaths: 
TpTrace Information: 0 : 1120, 4, 2025/09/15, 09:19:56.791, 1938631471365, testhost.dll, AssemblyResolver.AddSearchDirectories: Adding more searchDirectories D:\Automation\WWT-Automation\bin\Debug\net8.0\fine-code-coverage\build-output
TpTrace Verbose: 0 : 1120, 4, 2025/09/15, 09:19:56.791, 1938631472057, testhost.dll, TestPluginCache.DiscoverTestExtensions: Discovering the extensions using extension path.
TpTrace Verbose: 0 : 1120, 4, 2025/09/15, 09:19:56.792, 1938631472468, testhost.dll, TestPluginCache.GetExtensionPaths: Filtered extension paths: 
TpTrace Verbose: 0 : 1120, 4, 2025/09/15, 09:19:56.792, 1938631472702, testhost.dll, TestPluginCache.GetExtensionPaths: Added default extension paths: D:\Automation\WWT-Automation\bin\Debug\net8.0\fine-code-coverage\build-output\NUnit3.TestAdapter.dll
TpTrace Verbose: 0 : 1120, 4, 2025/09/15, 09:19:56.792, 1938631472905, testhost.dll, TestPluginCache.GetExtensionPaths: Added unfilterableExtensionPaths: 
TpTrace Verbose: 0 : 1120, 4, 2025/09/15, 09:19:56.792, 1938631473131, testhost.dll, TestPluginCache.DiscoverTestExtensions: Discovering the extensions using allExtensionPaths: D:\Automation\WWT-Automation\bin\Debug\net8.0\fine-code-coverage\build-output\NUnit3.TestAdapter.dll
TpTrace Information: 0 : 1120, 4, 2025/09/15, 09:19:56.792, 1938631473546, testhost.dll, AssemblyResolver.AddSearchDirectories: Adding more searchDirectories D:\Automation\WWT-Automation\bin\Debug\net8.0\fine-code-coverage\build-output
TpTrace Verbose: 0 : 1120, 4, 2025/09/15, 09:19:56.792, 1938631474126, testhost.dll, MetadataReaderExtensionsHelper: Discovering extensions inside assembly 'NUnit3.TestAdapter, Version=4.5.0.0, Culture=neutral, PublicKeyToken=4cb40d35494691ac' file path 'D:\Automation\WWT-Automation\bin\Debug\net8.0\fine-code-coverage\build-output\NUnit3.TestAdapter.dll'
TpTrace Verbose: 0 : 1120, 4, 2025/09/15, 09:19:56.793, 1938631482663, testhost.dll, TestPluginCache: Discovered the extensions using extension path ''.
TpTrace Verbose: 0 : 1120, 4, 2025/09/15, 09:19:56.793, 1938631483166, testhost.dll, TestPluginCache: Discoverers are ''.
TpTrace Verbose: 0 : 1120, 4, 2025/09/15, 09:19:56.793, 1938631483518, testhost.dll, TestPluginCache: Executors are 'executor://NUnit3TestExecutor'.
TpTrace Verbose: 0 : 1120, 4, 2025/09/15, 09:19:56.793, 1938631484036, testhost.dll, TestPluginCache: Executors2 are ''.
TpTrace Verbose: 0 : 1120, 4, 2025/09/15, 09:19:56.793, 1938631484293, testhost.dll, TestPluginCache: Setting providers are ''.
TpTrace Verbose: 0 : 1120, 4, 2025/09/15, 09:19:56.793, 1938631484514, testhost.dll, TestPluginCache: Loggers are ''.
TpTrace Verbose: 0 : 1120, 4, 2025/09/15, 09:19:56.793, 1938631484756, testhost.dll, TestPluginCache: TestHosts are ''.
TpTrace Verbose: 0 : 1120, 4, 2025/09/15, 09:19:56.793, 1938631484947, testhost.dll, TestPluginCache: DataCollectors are ''.
TpTrace Information: 0 : 1120, 4, 2025/09/15, 09:19:56.798, 1938631533078, testhost.dll, TestPluginManager.CreateTestExtension: Attempting to load test extension: NUnit.VisualStudio.TestAdapter.NUnit3TestExecutor
TpTrace Verbose: 0 : 1120, 4, 2025/09/15, 09:19:56.798, 1938631542003, testhost.dll, TestExecutorExtensionManager: Loading executor Microsoft.VisualStudio.TestPlatform.Common.ExtensionDecorators.SerialTestRunDecorator
TpTrace Verbose: 0 : 1120, 4, 2025/09/15, 09:19:56.799, 1938631542526, testhost.dll, TestExecutorService: Loaded the executors
TpTrace Verbose: 0 : 1120, 4, 2025/09/15, 09:19:56.799, 1938631546468, testhost.dll, TestPluginCache.DiscoverTestExtensions: finding test extensions in assemblies ends with: TestAdapter.dll TPluginInfo: Microsoft.VisualStudio.TestPlatform.Common.ExtensionFramework.Utilities.TestSettingsProviderPluginInformation TExtension: Microsoft.VisualStudio.TestPlatform.ObjectModel.Adapter.ISettingsProvider
TpTrace Verbose: 0 : 1120, 4, 2025/09/15, 09:19:56.799, 1938631547219, testhost.dll, TestPluginCache.GetExtensionPaths: Filtered extension paths: 
TpTrace Verbose: 0 : 1120, 4, 2025/09/15, 09:19:56.799, 1938631547529, testhost.dll, TestPluginCache.GetExtensionPaths: Added default extension paths: D:\Automation\WWT-Automation\bin\Debug\net8.0\fine-code-coverage\build-output\NUnit3.TestAdapter.dll
TpTrace Verbose: 0 : 1120, 4, 2025/09/15, 09:19:56.799, 1938631547772, testhost.dll, TestPluginCache.GetExtensionPaths: Added unfilterableExtensionPaths: 
TpTrace Information: 0 : 1120, 4, 2025/09/15, 09:19:56.799, 1938631548594, testhost.dll, AssemblyResolver.AddSearchDirectories: Adding more searchDirectories D:\Automation\WWT-Automation\bin\Debug\net8.0\fine-code-coverage\build-output
TpTrace Verbose: 0 : 1120, 4, 2025/09/15, 09:19:56.799, 1938631548952, testhost.dll, TestPluginCache.DiscoverTestExtensions: Discovering the extensions using extension path.
TpTrace Verbose: 0 : 1120, 4, 2025/09/15, 09:19:56.799, 1938631549183, testhost.dll, TestPluginCache.GetExtensionPaths: Filtered extension paths: 
TpTrace Verbose: 0 : 1120, 4, 2025/09/15, 09:19:56.799, 1938631549389, testhost.dll, TestPluginCache.GetExtensionPaths: Added default extension paths: D:\Automation\WWT-Automation\bin\Debug\net8.0\fine-code-coverage\build-output\NUnit3.TestAdapter.dll
TpTrace Verbose: 0 : 1120, 4, 2025/09/15, 09:19:56.799, 1938631549678, testhost.dll, TestPluginCache.GetExtensionPaths: Added unfilterableExtensionPaths: 
TpTrace Verbose: 0 : 1120, 4, 2025/09/15, 09:19:56.799, 1938631550032, testhost.dll, TestPluginCache.DiscoverTestExtensions: Discovering the extensions using allExtensionPaths: D:\Automation\WWT-Automation\bin\Debug\net8.0\fine-code-coverage\build-output\NUnit3.TestAdapter.dll
TpTrace Information: 0 : 1120, 4, 2025/09/15, 09:19:56.799, 1938631550386, testhost.dll, AssemblyResolver.AddSearchDirectories: Adding more searchDirectories D:\Automation\WWT-Automation\bin\Debug\net8.0\fine-code-coverage\build-output
TpTrace Verbose: 0 : 1120, 4, 2025/09/15, 09:19:56.799, 1938631550826, testhost.dll, MetadataReaderExtensionsHelper: Discovering extensions inside assembly 'NUnit3.TestAdapter, Version=4.5.0.0, Culture=neutral, PublicKeyToken=4cb40d35494691ac' file path 'D:\Automation\WWT-Automation\bin\Debug\net8.0\fine-code-coverage\build-output\NUnit3.TestAdapter.dll'
TpTrace Verbose: 0 : 1120, 4, 2025/09/15, 09:19:56.800, 1938631556175, testhost.dll, TestPluginCache: Discovered the extensions using extension path ''.
TpTrace Verbose: 0 : 1120, 4, 2025/09/15, 09:19:56.800, 1938631556552, testhost.dll, TestPluginCache: Discoverers are ''.
TpTrace Verbose: 0 : 1120, 4, 2025/09/15, 09:19:56.800, 1938631556789, testhost.dll, TestPluginCache: Executors are 'executor://NUnit3TestExecutor'.
TpTrace Verbose: 0 : 1120, 4, 2025/09/15, 09:19:56.800, 1938631557008, testhost.dll, TestPluginCache: Executors2 are ''.
TpTrace Verbose: 0 : 1120, 4, 2025/09/15, 09:19:56.800, 1938631557287, testhost.dll, TestPluginCache: Setting providers are ''.
TpTrace Verbose: 0 : 1120, 4, 2025/09/15, 09:19:56.800, 1938631557604, testhost.dll, TestPluginCache: Loggers are ''.
TpTrace Verbose: 0 : 1120, 4, 2025/09/15, 09:19:56.800, 1938631557799, testhost.dll, TestPluginCache: TestHosts are ''.
TpTrace Verbose: 0 : 1120, 4, 2025/09/15, 09:19:56.800, 1938631558035, testhost.dll, TestPluginCache: DataCollectors are ''.
TpTrace Verbose: 0 : 1120, 4, 2025/09/15, 09:19:56.800, 1938631562166, testhost.dll, TestExecutorService: Loaded the settings providers
TpTrace Information: 0 : 1120, 4, 2025/09/15, 09:19:56.801, 1938631562536, testhost.dll, TestExecutorService: Loaded the extensions
TpTrace Information: 0 : 1120, 4, 2025/09/15, 09:19:56.801, 1938631565153, testhost.dll, TestRequestHandler.OnMessageReceived: Running job 'TestExecution.StartWithSources'.
TpTrace Verbose: 0 : 1120, 4, 2025/09/15, 09:19:56.836, 1938631913998, testhost.dll, MulticastDelegateUtilities.SafeInvoke: TestCaseEventsHandler.RaiseSessionStart: Invoking callbacks was skipped because there are no subscribers.
TpTrace Information: 0 : 1120, 4, 2025/09/15, 09:19:56.837, 1938631926915, testhost.dll, TestDiscoveryManager: Discovering tests from sources D:\Automation\WWT-Automation\bin\Debug\net8.0\fine-code-coverage\build-output\WWT-Automation.dll
TpTrace Verbose: 0 : 1120, 4, 2025/09/15, 09:19:56.838, 1938631938428, testhost.dll, TestPluginCache.DiscoverTestExtensions: finding test extensions in assemblies ends with: TestAdapter.dll TPluginInfo: Microsoft.VisualStudio.TestPlatform.Common.ExtensionFramework.Utilities.TestDiscovererPluginInformation TExtension: Microsoft.VisualStudio.TestPlatform.ObjectModel.Adapter.ITestDiscoverer
TpTrace Verbose: 0 : 1120, 4, 2025/09/15, 09:19:56.838, 1938631939182, testhost.dll, TestPluginCache.GetExtensionPaths: Filtered extension paths: 
TpTrace Verbose: 0 : 1120, 4, 2025/09/15, 09:19:56.838, 1938631939657, testhost.dll, TestPluginCache.GetExtensionPaths: Added default extension paths: D:\Automation\WWT-Automation\bin\Debug\net8.0\fine-code-coverage\build-output\NUnit3.TestAdapter.dll
TpTrace Verbose: 0 : 1120, 4, 2025/09/15, 09:19:56.838, 1938631939952, testhost.dll, TestPluginCache.GetExtensionPaths: Added unfilterableExtensionPaths: 
TpTrace Information: 0 : 1120, 4, 2025/09/15, 09:19:56.838, 1938631940813, testhost.dll, AssemblyResolver.AddSearchDirectories: Adding more searchDirectories D:\Automation\WWT-Automation\bin\Debug\net8.0\fine-code-coverage\build-output
TpTrace Verbose: 0 : 1120, 4, 2025/09/15, 09:19:56.838, 1938631941118, testhost.dll, TestPluginCache.DiscoverTestExtensions: Discovering the extensions using extension path.
TpTrace Verbose: 0 : 1120, 4, 2025/09/15, 09:19:56.838, 1938631941400, testhost.dll, TestPluginCache.GetExtensionPaths: Filtered extension paths: 
TpTrace Verbose: 0 : 1120, 4, 2025/09/15, 09:19:56.838, 1938631941624, testhost.dll, TestPluginCache.GetExtensionPaths: Added default extension paths: D:\Automation\WWT-Automation\bin\Debug\net8.0\fine-code-coverage\build-output\NUnit3.TestAdapter.dll
TpTrace Verbose: 0 : 1120, 4, 2025/09/15, 09:19:56.838, 1938631941823, testhost.dll, TestPluginCache.GetExtensionPaths: Added unfilterableExtensionPaths: 
TpTrace Verbose: 0 : 1120, 4, 2025/09/15, 09:19:56.838, 1938631942040, testhost.dll, TestPluginCache.DiscoverTestExtensions: Discovering the extensions using allExtensionPaths: D:\Automation\WWT-Automation\bin\Debug\net8.0\fine-code-coverage\build-output\NUnit3.TestAdapter.dll
TpTrace Information: 0 : 1120, 4, 2025/09/15, 09:19:56.838, 1938631942340, testhost.dll, AssemblyResolver.AddSearchDirectories: Adding more searchDirectories D:\Automation\WWT-Automation\bin\Debug\net8.0\fine-code-coverage\build-output
TpTrace Verbose: 0 : 1120, 4, 2025/09/15, 09:19:56.839, 1938631942935, testhost.dll, MetadataReaderExtensionsHelper: Discovering extensions inside assembly 'NUnit3.TestAdapter, Version=4.5.0.0, Culture=neutral, PublicKeyToken=4cb40d35494691ac' file path 'D:\Automation\WWT-Automation\bin\Debug\net8.0\fine-code-coverage\build-output\NUnit3.TestAdapter.dll'
TpTrace Information: 0 : 1120, 4, 2025/09/15, 09:19:56.842, 1938631979705, testhost.dll, GetTestExtensionFromType: Register extension with identifier data 'NUnit.VisualStudio.TestAdapter.NUnit3TestDiscoverer, NUnit3.TestAdapter, Version=4.5.0.0, Culture=neutral, PublicKeyToken=4cb40d35494691ac' and type 'NUnit.VisualStudio.TestAdapter.NUnit3TestDiscoverer, NUnit3.TestAdapter, Version=4.5.0.0, Culture=neutral, PublicKeyToken=4cb40d35494691ac' inside file 'D:\Automation\WWT-Automation\bin\Debug\net8.0\fine-code-coverage\build-output\NUnit3.TestAdapter.dll'
TpTrace Verbose: 0 : 1120, 4, 2025/09/15, 09:19:56.842, 1938631980762, testhost.dll, TestPluginCache: Discovered the extensions using extension path ''.
TpTrace Verbose: 0 : 1120, 4, 2025/09/15, 09:19:56.842, 1938631981292, testhost.dll, TestPluginCache: Discoverers are 'NUnit.VisualStudio.TestAdapter.NUnit3TestDiscoverer, NUnit3.TestAdapter, Version=4.5.0.0, Culture=neutral, PublicKeyToken=4cb40d35494691ac'.
TpTrace Verbose: 0 : 1120, 4, 2025/09/15, 09:19:56.842, 1938631981552, testhost.dll, TestPluginCache: Executors are 'executor://NUnit3TestExecutor'.
TpTrace Verbose: 0 : 1120, 4, 2025/09/15, 09:19:56.842, 1938631981771, testhost.dll, TestPluginCache: Executors2 are ''.
TpTrace Verbose: 0 : 1120, 4, 2025/09/15, 09:19:56.842, 1938631981973, testhost.dll, TestPluginCache: Setting providers are ''.
TpTrace Verbose: 0 : 1120, 4, 2025/09/15, 09:19:56.842, 1938631982192, testhost.dll, TestPluginCache: Loggers are ''.
TpTrace Verbose: 0 : 1120, 4, 2025/09/15, 09:19:56.842, 1938631982407, testhost.dll, TestPluginCache: TestHosts are ''.
TpTrace Verbose: 0 : 1120, 4, 2025/09/15, 09:19:56.843, 1938631982605, testhost.dll, TestPluginCache: DataCollectors are ''.
TpTrace Information: 0 : 1120, 4, 2025/09/15, 09:19:56.845, 1938632003799, testhost.dll, PEReaderHelper.GetAssemblyType: Determined assemblyType:'Managed' for source: 'D:\Automation\WWT-Automation\bin\Debug\net8.0\fine-code-coverage\build-output\WWT-Automation.dll'
TpTrace Verbose: 0 : 1120, 4, 2025/09/15, 09:19:56.847, 1938632030692, testhost.dll, BaseRunTests.RunTestInternalWithExecutors: Running tests for executor://NUnit3TestExecutor
TpTrace Information: 0 : 1120, 4, 2025/09/15, 09:19:56.851, 1938632064415, testhost.dll, AssemblyResolver.OnResolve: nunit.engine: Resolving assembly.
TpTrace Information: 0 : 1120, 4, 2025/09/15, 09:19:56.851, 1938632065057, testhost.dll, AssemblyResolver.OnResolve: nunit.engine: Searching in: 'D:\Automation\WWT-Automation\bin\Debug\net8.0\fine-code-coverage\build-output'.
TpTrace Information: 0 : 1120, 4, 2025/09/15, 09:19:56.851, 1938632066806, testhost.dll, AssemblyResolver.OnResolve: nunit.engine: Loading assembly 'D:\Automation\WWT-Automation\bin\Debug\net8.0\fine-code-coverage\build-output\nunit.engine.dll'.
TpTrace Information: 0 : 1120, 4, 2025/09/15, 09:19:56.851, 1938632069141, testhost.dll, AssemblyResolver.OnResolve: Resolved assembly: nunit.engine, from path: D:\Automation\WWT-Automation\bin\Debug\net8.0\fine-code-coverage\build-output\nunit.engine.dll
TpTrace Information: 0 : 1120, 4, 2025/09/15, 09:19:56.851, 1938632069649, testhost.dll, AssemblyResolver.OnResolve: nunit.engine.core: Resolving assembly.
TpTrace Information: 0 : 1120, 4, 2025/09/15, 09:19:56.851, 1938632069993, testhost.dll, AssemblyResolver.OnResolve: nunit.engine.core: Searching in: 'D:\Automation\WWT-Automation\bin\Debug\net8.0\fine-code-coverage\build-output'.
TpTrace Information: 0 : 1120, 4, 2025/09/15, 09:19:56.851, 1938632071562, testhost.dll, AssemblyResolver.OnResolve: nunit.engine.core: Loading assembly 'D:\Automation\WWT-Automation\bin\Debug\net8.0\fine-code-coverage\build-output\nunit.engine.core.dll'.
TpTrace Information: 0 : 1120, 4, 2025/09/15, 09:19:56.852, 1938632074057, testhost.dll, AssemblyResolver.OnResolve: Resolved assembly: nunit.engine.core, from path: D:\Automation\WWT-Automation\bin\Debug\net8.0\fine-code-coverage\build-output\nunit.engine.core.dll
TpTrace Information: 0 : 1120, 4, 2025/09/15, 09:19:56.861, 1938632169685, testhost.dll, NUnit Adapter 4.5.0.0: Test execution started
TpTrace Verbose: 0 : 1120, 4, 2025/09/15, 09:19:56.861, 1938632170836, testhost.dll, TestRequestHandler.SendData: sending data from testhost: {"Version":7,"MessageType":"TestSession.Message","Payload":{"MessageLevel":0,"Message":"NUnit Adapter 4.5.0.0: Test execution started"}}
TpTrace Verbose: 0 : 1120, 4, 2025/09/15, 09:19:56.861, 1938632172105, testhost.dll, MulticastDelegateUtilities.SafeInvoke: TestRunMessageLoggerProxy.SendMessage: Invoking callback 1/1 for Microsoft.VisualStudio.TestPlatform.CrossPlatEngine.Execution.RunTestsWithSources., took 0 ms.
TpTrace Information: 0 : 1120, 4, 2025/09/15, 09:19:56.878, 1938632338437, testhost.dll, Running all tests in D:\Automation\WWT-Automation\bin\Debug\net8.0\fine-code-coverage\build-output\WWT-Automation.dll
TpTrace Verbose: 0 : 1120, 4, 2025/09/15, 09:19:56.878, 1938632339524, testhost.dll, TestRequestHandler.SendData: sending data from testhost: {"Version":7,"MessageType":"TestSession.Message","Payload":{"MessageLevel":0,"Message":"Running all tests in D:\\Automation\\WWT-Automation\\bin\\Debug\\net8.0\\fine-code-coverage\\build-output\\WWT-Automation.dll"}}
TpTrace Verbose: 0 : 1120, 4, 2025/09/15, 09:19:56.878, 1938632340692, testhost.dll, MulticastDelegateUtilities.SafeInvoke: TestRunMessageLoggerProxy.SendMessage: Invoking callback 1/1 for Microsoft.VisualStudio.TestPlatform.CrossPlatEngine.Execution.RunTestsWithSources., took 0 ms.
TpTrace Information: 0 : 1120, 4, 2025/09/15, 09:19:56.889, 1938632443059, testhost.dll, AssemblyResolver.OnResolve: testcentric.engine.metadata: Resolving assembly.
TpTrace Information: 0 : 1120, 4, 2025/09/15, 09:19:56.889, 1938632443944, testhost.dll, AssemblyResolver.OnResolve: testcentric.engine.metadata: Searching in: 'D:\Automation\WWT-Automation\bin\Debug\net8.0\fine-code-coverage\build-output'.
TpTrace Information: 0 : 1120, 4, 2025/09/15, 09:19:56.889, 1938632446042, testhost.dll, AssemblyResolver.OnResolve: testcentric.engine.metadata: Loading assembly 'D:\Automation\WWT-Automation\bin\Debug\net8.0\fine-code-coverage\build-output\testcentric.engine.metadata.dll'.
TpTrace Information: 0 : 1120, 4, 2025/09/15, 09:19:56.889, 1938632449630, testhost.dll, AssemblyResolver.OnResolve: Resolved assembly: testcentric.engine.metadata, from path: D:\Automation\WWT-Automation\bin\Debug\net8.0\fine-code-coverage\build-output\testcentric.engine.metadata.dll
TpTrace Information: 0 : 1120, 4, 2025/09/15, 09:19:56.960, 1938633152707, testhost.dll,    NUnit3TestExecutor discovered 4 of 4 NUnit test cases using Current Discovery mode, Non-Explicit run
TpTrace Verbose: 0 : 1120, 4, 2025/09/15, 09:19:56.960, 1938633153761, testhost.dll, TestRequestHandler.SendData: sending data from testhost: {"Version":7,"MessageType":"TestSession.Message","Payload":{"MessageLevel":0,"Message":"   NUnit3TestExecutor discovered 4 of 4 NUnit test cases using Current Discovery mode, Non-Explicit run"}}
TpTrace Verbose: 0 : 1120, 4, 2025/09/15, 09:19:56.960, 1938633154814, testhost.dll, MulticastDelegateUtilities.SafeInvoke: TestRunMessageLoggerProxy.SendMessage: Invoking callback 1/1 for Microsoft.VisualStudio.TestPlatform.CrossPlatEngine.Execution.RunTestsWithSources., took 0 ms.
TpTrace Verbose: 0 : 1120, 14, 2025/09/15, 09:19:56.981, 1938633363044, testhost.dll, TestExecutionRecorder.RecordStart: Starting test: WWT_Automation.AdminTool.SignIn.SignIn_InvalidPassword_ErrorMessage.
TpTrace Verbose: 0 : 1120, 14, 2025/09/15, 09:19:57.010, 1938633656666, testhost.dll, MulticastDelegateUtilities.SafeInvoke: TestCaseEventsHandler.RaiseTestCaseStart: Invoking callback 1/1 for Microsoft.VisualStudio.TestPlatform.CrossPlatEngine.DataCollection.ProxyOutOfProcDataCollectionManager., took 22 ms.
TpTrace Verbose: 0 : 1120, 14, 2025/09/15, 09:19:57.045, 1938634012355, testhost.dll, TestExecutionRecorder.RecordEnd: test: WWT_Automation.AdminTool.SignIn.SignIn_InvalidPassword_ErrorMessage execution completed.
TpTrace Verbose: 0 : 1120, 14, 2025/09/15, 09:19:57.054, 1938634094008, testhost.dll, MulticastDelegateUtilities.SafeInvoke: TestCaseEventsHandler.RaiseTestCaseEnd: Invoking callback 1/1 for Microsoft.VisualStudio.TestPlatform.CrossPlatEngine.DataCollection.ProxyOutOfProcDataCollectionManager., took 7 ms.
TpTrace Verbose: 0 : 1120, 14, 2025/09/15, 09:19:57.054, 1938634098692, testhost.dll, TestExecutionRecorder.RecordResult: Received result for test: WWT_Automation.AdminTool.SignIn.SignIn_InvalidPassword_ErrorMessage.
TpTrace Verbose: 0 : 1120, 14, 2025/09/15, 09:19:57.055, 1938634105252, testhost.dll, MulticastDelegateUtilities.SafeInvoke: TestCaseEventsHandler.RaiseTestCaseEnd: Invoking callback 1/1 for Microsoft.VisualStudio.TestPlatform.CrossPlatEngine.DataCollection.ProxyOutOfProcDataCollectionManager., took 0 ms.
TpTrace Warning: 0 : 1120, 14, 2025/09/15, 09:19:57.056, 1938634118473, testhost.dll, TestRunCache: InProgressTests is null
TpTrace Warning: 0 : 1120, 14, 2025/09/15, 09:19:57.056, 1938634119447, testhost.dll, TestRunCache: No test found corresponding to testResult 'SignIn_InvalidPassword_ErrorMessage' in inProgress list.
TpTrace Verbose: 0 : 1120, 14, 2025/09/15, 09:19:57.056, 1938634120987, testhost.dll, TestExecutionRecorder.RecordStart: Starting test: WWT_Automation.AdminTool.SignIn.SignIn_InvalidUsername_ErrorMessage.
TpTrace Verbose: 0 : 1120, 14, 2025/09/15, 09:19:57.058, 1938634134203, testhost.dll, MulticastDelegateUtilities.SafeInvoke: TestCaseEventsHandler.RaiseTestCaseStart: Invoking callback 1/1 for Microsoft.VisualStudio.TestPlatform.CrossPlatEngine.DataCollection.ProxyOutOfProcDataCollectionManager., took 1 ms.
TpTrace Verbose: 0 : 1120, 14, 2025/09/15, 09:19:57.058, 1938634137851, testhost.dll, TestExecutionRecorder.RecordEnd: test: WWT_Automation.AdminTool.SignIn.SignIn_InvalidUsername_ErrorMessage execution completed.
TpTrace Verbose: 0 : 1120, 14, 2025/09/15, 09:19:57.059, 1938634147932, testhost.dll, MulticastDelegateUtilities.SafeInvoke: TestCaseEventsHandler.RaiseTestCaseEnd: Invoking callback 1/1 for Microsoft.VisualStudio.TestPlatform.CrossPlatEngine.DataCollection.ProxyOutOfProcDataCollectionManager., took 0 ms.
TpTrace Verbose: 0 : 1120, 14, 2025/09/15, 09:19:57.059, 1938634148488, testhost.dll, TestExecutionRecorder.RecordResult: Received result for test: WWT_Automation.AdminTool.SignIn.SignIn_InvalidUsername_ErrorMessage.
TpTrace Verbose: 0 : 1120, 14, 2025/09/15, 09:19:57.059, 1938634150046, testhost.dll, MulticastDelegateUtilities.SafeInvoke: TestCaseEventsHandler.RaiseTestCaseEnd: Invoking callback 1/1 for Microsoft.VisualStudio.TestPlatform.CrossPlatEngine.DataCollection.ProxyOutOfProcDataCollectionManager., took 0 ms.
TpTrace Warning: 0 : 1120, 14, 2025/09/15, 09:19:57.060, 1938634152526, testhost.dll, TestRunCache: InProgressTests is null
TpTrace Warning: 0 : 1120, 14, 2025/09/15, 09:19:57.060, 1938634152881, testhost.dll, TestRunCache: No test found corresponding to testResult 'SignIn_InvalidUsername_ErrorMessage' in inProgress list.
TpTrace Verbose: 0 : 1120, 14, 2025/09/15, 09:19:57.060, 1938634154224, testhost.dll, TestExecutionRecorder.RecordStart: Starting test: WWT_Automation.AdminTool.SignIn.SignIn_ValidCredentials_SuccessfulSignIn.
TpTrace Verbose: 0 : 1120, 14, 2025/09/15, 09:19:57.060, 1938634160777, testhost.dll, MulticastDelegateUtilities.SafeInvoke: TestCaseEventsHandler.RaiseTestCaseStart: Invoking callback 1/1 for Microsoft.VisualStudio.TestPlatform.CrossPlatEngine.DataCollection.ProxyOutOfProcDataCollectionManager., took 0 ms.
TpTrace Verbose: 0 : 1120, 14, 2025/09/15, 09:19:57.061, 1938634163101, testhost.dll, TestExecutionRecorder.RecordEnd: test: WWT_Automation.AdminTool.SignIn.SignIn_ValidCredentials_SuccessfulSignIn execution completed.
TpTrace Verbose: 0 : 1120, 14, 2025/09/15, 09:19:57.061, 1938634169427, testhost.dll, MulticastDelegateUtilities.SafeInvoke: TestCaseEventsHandler.RaiseTestCaseEnd: Invoking callback 1/1 for Microsoft.VisualStudio.TestPlatform.CrossPlatEngine.DataCollection.ProxyOutOfProcDataCollectionManager., took 0 ms.
TpTrace Verbose: 0 : 1120, 14, 2025/09/15, 09:19:57.061, 1938634169800, testhost.dll, TestExecutionRecorder.RecordResult: Received result for test: WWT_Automation.AdminTool.SignIn.SignIn_ValidCredentials_SuccessfulSignIn.
TpTrace Verbose: 0 : 1120, 14, 2025/09/15, 09:19:57.061, 1938634170225, testhost.dll, MulticastDelegateUtilities.SafeInvoke: TestCaseEventsHandler.RaiseTestCaseEnd: Invoking callback 1/1 for Microsoft.VisualStudio.TestPlatform.CrossPlatEngine.DataCollection.ProxyOutOfProcDataCollectionManager., took 0 ms.
TpTrace Warning: 0 : 1120, 14, 2025/09/15, 09:19:57.061, 1938634170501, testhost.dll, TestRunCache: InProgressTests is null
TpTrace Warning: 0 : 1120, 14, 2025/09/15, 09:19:57.061, 1938634170712, testhost.dll, TestRunCache: No test found corresponding to testResult 'SignIn_ValidCredentials_SuccessfulSignIn' in inProgress list.
TpTrace Verbose: 0 : 1120, 14, 2025/09/15, 09:19:57.061, 1938634171459, testhost.dll, TestExecutionRecorder.RecordStart: Starting test: WWT_Automation.AdminTool.SignIn.SignIn_ValidCredentialsWith2FA_6DigitScreenAppears.
TpTrace Verbose: 0 : 1120, 14, 2025/09/15, 09:19:57.062, 1938634178264, testhost.dll, MulticastDelegateUtilities.SafeInvoke: TestCaseEventsHandler.RaiseTestCaseStart: Invoking callback 1/1 for Microsoft.VisualStudio.TestPlatform.CrossPlatEngine.DataCollection.ProxyOutOfProcDataCollectionManager., took 0 ms.
TpTrace Verbose: 0 : 1120, 14, 2025/09/15, 09:19:57.062, 1938634180689, testhost.dll, TestExecutionRecorder.RecordEnd: test: WWT_Automation.AdminTool.SignIn.SignIn_ValidCredentialsWith2FA_6DigitScreenAppears execution completed.
TpTrace Verbose: 0 : 1120, 14, 2025/09/15, 09:19:57.063, 1938634187646, testhost.dll, MulticastDelegateUtilities.SafeInvoke: TestCaseEventsHandler.RaiseTestCaseEnd: Invoking callback 1/1 for Microsoft.VisualStudio.TestPlatform.CrossPlatEngine.DataCollection.ProxyOutOfProcDataCollectionManager., took 0 ms.
TpTrace Verbose: 0 : 1120, 14, 2025/09/15, 09:19:57.063, 1938634188066, testhost.dll, TestExecutionRecorder.RecordResult: Received result for test: WWT_Automation.AdminTool.SignIn.SignIn_ValidCredentialsWith2FA_6DigitScreenAppears.
TpTrace Verbose: 0 : 1120, 14, 2025/09/15, 09:19:57.063, 1938634188365, testhost.dll, MulticastDelegateUtilities.SafeInvoke: TestCaseEventsHandler.RaiseTestCaseEnd: Invoking callback 1/1 for Microsoft.VisualStudio.TestPlatform.CrossPlatEngine.DataCollection.ProxyOutOfProcDataCollectionManager., took 0 ms.
TpTrace Warning: 0 : 1120, 14, 2025/09/15, 09:19:57.063, 1938634188728, testhost.dll, TestRunCache: InProgressTests is null
TpTrace Warning: 0 : 1120, 14, 2025/09/15, 09:19:57.063, 1938634188943, testhost.dll, TestRunCache: No test found corresponding to testResult 'SignIn_ValidCredentialsWith2FA_6DigitScreenAppears' in inProgress list.
TpTrace Warning: 0 : 1120, 14, 2025/09/15, 09:19:57.064, 1938634196338, testhost.dll, TearDown failed for test fixture WWT_Automation.AdminTool.SignIn
TpTrace Verbose: 0 : 1120, 14, 2025/09/15, 09:19:57.064, 1938634196902, testhost.dll, TestRequestHandler.SendData: sending data from testhost: {"Version":7,"MessageType":"TestSession.Message","Payload":{"MessageLevel":1,"Message":"TearDown failed for test fixture WWT_Automation.AdminTool.SignIn"}}
TpTrace Verbose: 0 : 1120, 14, 2025/09/15, 09:19:57.064, 1938634197659, testhost.dll, MulticastDelegateUtilities.SafeInvoke: TestRunMessageLoggerProxy.SendMessage: Invoking callback 1/1 for Microsoft.VisualStudio.TestPlatform.CrossPlatEngine.Execution.RunTestsWithSources., took 0 ms.
TpTrace Warning: 0 : 1120, 14, 2025/09/15, 09:19:57.064, 1938634198918, testhost.dll, One or more child tests had errors
TearDown : System.NullReferenceException : Object reference not set to an instance of an object.
StackTrace: --TearDown
   at WWT_Automation.Utilities.Base.Dispose() in D:\Automation\WWT-Automation\Utilities\Base.cs:line 50
   at NUnit.Framework.Internal.Commands.DisposeFixtureCommand.<>c.<.ctor>b__0_0(TestExecutionContext context)
TpTrace Verbose: 0 : 1120, 14, 2025/09/15, 09:19:57.064, 1938634199497, testhost.dll, TestRequestHandler.SendData: sending data from testhost: {"Version":7,"MessageType":"TestSession.Message","Payload":{"MessageLevel":1,"Message":"One or more child tests had errors\r\nTearDown : System.NullReferenceException : Object reference not set to an instance of an object.\nStackTrace: --TearDown\r\n   at WWT_Automation.Utilities.Base.Dispose() in D:\\Automation\\WWT-Automation\\Utilities\\Base.cs:line 50\r\n   at NUnit.Framework.Internal.Commands.DisposeFixtureCommand.<>c.<.ctor>b__0_0(TestExecutionContext context)"}}
TpTrace Verbose: 0 : 1120, 14, 2025/09/15, 09:19:57.064, 1938634200315, testhost.dll, MulticastDelegateUtilities.SafeInvoke: TestRunMessageLoggerProxy.SendMessage: Invoking callback 1/1 for Microsoft.VisualStudio.TestPlatform.CrossPlatEngine.Execution.RunTestsWithSources., took 0 ms.
TpTrace Information: 0 : 1120, 4, 2025/09/15, 09:19:57.068, 1938634242450, testhost.dll, NUnit Adapter 4.5.0.0: Test execution complete
TpTrace Verbose: 0 : 1120, 4, 2025/09/15, 09:19:57.069, 1938634243801, testhost.dll, TestRequestHandler.SendData: sending data from testhost: {"Version":7,"MessageType":"TestSession.Message","Payload":{"MessageLevel":0,"Message":"NUnit Adapter 4.5.0.0: Test execution complete"}}
TpTrace Verbose: 0 : 1120, 4, 2025/09/15, 09:19:57.069, 1938634245293, testhost.dll, MulticastDelegateUtilities.SafeInvoke: TestRunMessageLoggerProxy.SendMessage: Invoking callback 1/1 for Microsoft.VisualStudio.TestPlatform.CrossPlatEngine.Execution.RunTestsWithSources., took 0 ms.
TpTrace Verbose: 0 : 1120, 4, 2025/09/15, 09:19:57.071, 1938634265151, testhost.dll, BaseRunTests.RunTestInternalWithExecutors: Completed running tests for executor://NUnit3TestExecutor
TpTrace Verbose: 0 : 1120, 4, 2025/09/15, 09:19:57.072, 1938634272645, testhost.dll, MulticastDelegateUtilities.SafeInvoke: TestCaseEventsHandler.RaiseSessionEnd: Invoking callback 1/1 for Microsoft.VisualStudio.TestPlatform.CrossPlatEngine.DataCollection.ProxyOutOfProcDataCollectionManager., took 0 ms.
TpTrace Information: 0 : 1120, 4, 2025/09/15, 09:19:57.074, 1938634302315, testhost.dll, Sending test run complete
TpTrace Verbose: 0 : 1120, 4, 2025/09/15, 09:19:57.098, 1938634537763, testhost.dll, TestRequestHandler.SendData: sending data from testhost: {"Version":7,"MessageType":"TestExecution.Completed","Payload":{"TestRunCompleteArgs":{"TestRunStatistics":{"ExecutedTests":4,"Stats":{"Failed":4}},"IsCanceled":false,"IsAborted":false,"Error":null,"AttachmentSets":[],"InvokedDataCollectors":[],"ElapsedTimeInRunningTests":"00:00:00.2253215","Metrics":{},"DiscoveredExtensions":{"TestDiscoverers":["NUnit.VisualStudio.TestAdapter.NUnit3TestDiscoverer, NUnit3.TestAdapter, Version=4.5.0.0, Culture=neutral, PublicKeyToken=4cb40d35494691ac"],"TestExecutors":["executor://NUnit3TestExecutor"],"TestExecutors2":[],"TestSettingsProviders":[]}},"LastRunTests":{"NewTestResults":[{"TestCase":{"Id":"eb864015-c405-a2fa-632f-a782bd649c35","FullyQualifiedName":"WWT_Automation.AdminTool.SignIn.SignIn_InvalidPassword_ErrorMessage","DisplayName":"SignIn_InvalidPassword_ErrorMessage","ExecutorUri":"executor://NUnit3TestExecutor","Source":"D:\\Automation\\WWT-Automation\\bin\\Debug\\net8.0\\fine-code-coverage\\build-output\\WWT-Automation.dll","CodeFilePath":null,"LineNumber":0,"Properties":[{"Key":{"Id":"NUnit.Seed","Label":"Seed","Category":"","Description":"","Attributes":0,"ValueType":"System.String"},"Value":"343782432"}]},"Attachments":[],"Outcome":2,"ErrorMessage":"System.NullReferenceException : Object reference not set to an instance of an object.\r\nTearDown : System.NullReferenceException : Object reference not set to an instance of an object.","ErrorStackTrace":"   at WWT_Automation.Utilities.Base.StartBrowser() in D:\\Automation\\WWT-Automation\\Utilities\\Base.cs:line 22\r\n   at System.RuntimeMethodHandle.InvokeMethod(Object target, Void** arguments, Signature sig, Boolean isConstructor)\r\n   at System.Reflection.MethodBaseInvoker.InvokeWithNoArgs(Object obj, BindingFlags invokeAttr)\r\n--TearDown\r\n   at WWT_Automation.Utilities.Base.Dispose() in D:\\Automation\\WWT-Automation\\Utilities\\Base.cs:line 50\r\n   at System.RuntimeMethodHandle.InvokeMethod(Object target, Void** arguments, Signature sig, Boolean isConstructor)\r\n   at System.Reflection.MethodBaseInvoker.InvokeWithNoArgs(Object obj, BindingFlags invokeAttr)\n","DisplayName":"SignIn_InvalidPassword_ErrorMessage","Messages":[],"ComputerName":"ITSM-738","Duration":"00:00:00.0529050","StartTime":"2025-09-15T07:19:56.9803419+00:00","EndTime":"2025-09-15T07:19:57.0331731+00:00","Properties":[{"Key":{"Id":"NUnit.Seed","Label":"Seed","Category":"","Description":"","Attributes":0,"ValueType":"System.String"},"Value":"343782432"}]},{"TestCase":{"Id":"74161b9e-5f6c-9c78-ead8-4b07afa30427","FullyQualifiedName":"WWT_Automation.AdminTool.SignIn.SignIn_InvalidUsername_ErrorMessage","DisplayName":"SignIn_InvalidUsername_ErrorMessage","ExecutorUri":"executor://NUnit3TestExecutor","Source":"D:\\Automation\\WWT-Automation\\bin\\Debug\\net8.0\\fine-code-coverage\\build-output\\WWT-Automation.dll","CodeFilePath":null,"LineNumber":0,"Properties":[{"Key":{"Id":"NUnit.Seed","Label":"Seed","Category":"","Description":"","Attributes":0,"ValueType":"System.String"},"Value":"641593054"}]},"Attachments":[],"Outcome":2,"ErrorMessage":"System.NullReferenceException : Object reference not set to an instance of an object.\r\nTearDown : System.NullReferenceException : Object reference not set to an instance of an object.","ErrorStackTrace":"   at WWT_Automation.Utilities.Base.StartBrowser() in D:\\Automation\\WWT-Automation\\Utilities\\Base.cs:line 22\r\n   at InvokeStub_Base.StartBrowser(Object, Object, IntPtr*)\r\n   at System.Reflection.MethodBaseInvoker.InvokeWithNoArgs(Object obj, BindingFlags invokeAttr)\r\n--TearDown\r\n   at WWT_Automation.Utilities.Base.Dispose() in D:\\Automation\\WWT-Automation\\Utilities\\Base.cs:line 50\r\n   at InvokeStub_Base.Dispose(Object, Object, IntPtr*)\r\n   at System.Reflection.MethodBaseInvoker.InvokeWithNoArgs(Object obj, BindingFlags invokeAttr)\n","DisplayName":"SignIn_InvalidUsername_ErrorMessage","Messages":[],"ComputerName":"ITSM-738","Duration":"00:00:00.0008650","StartTime":"2025-09-15T07:19:57.034406+00:00","EndTime":"2025-09-15T07:19:57.0352707+00:00","Properties":[{"Key":{"Id":"NUnit.Seed","Label":"Seed","Category":"","Description":"","Attributes":0,"ValueType":"System.String"},"Value":"641593054"}]},{"TestCase":{"Id":"09de22ff-ec11-24e5-facd-e5509ce2f055","FullyQualifiedName":"WWT_Automation.AdminTool.SignIn.SignIn_ValidCredentials_SuccessfulSignIn","DisplayName":"SignIn_ValidCredentials_SuccessfulSignIn","ExecutorUri":"executor://NUnit3TestExecutor","Source":"D:\\Automation\\WWT-Automation\\bin\\Debug\\net8.0\\fine-code-coverage\\build-output\\WWT-Automation.dll","CodeFilePath":null,"LineNumber":0,"Properties":[{"Key":{"Id":"NUnit.Seed","Label":"Seed","Category":"","Description":"","Attributes":0,"ValueType":"System.String"},"Value":"1030663014"}]},"Attachments":[],"Outcome":2,"ErrorMessage":"System.NullReferenceException : Object reference not set to an instance of an object.\r\nTearDown : System.NullReferenceException : Object reference not set to an instance of an object.","ErrorStackTrace":"   at WWT_Automation.Utilities.Base.StartBrowser() in D:\\Automation\\WWT-Automation\\Utilities\\Base.cs:line 22\r\n   at InvokeStub_Base.StartBrowser(Object, Object, IntPtr*)\r\n   at System.Reflection.MethodBaseInvoker.InvokeWithNoArgs(Object obj, BindingFlags invokeAttr)\r\n--TearDown\r\n   at WWT_Automation.Utilities.Base.Dispose() in D:\\Automation\\WWT-Automation\\Utilities\\Base.cs:line 50\r\n   at InvokeStub_Base.Dispose(Object, Object, IntPtr*)\r\n   at System.Reflection.MethodBaseInvoker.InvokeWithNoArgs(Object obj, BindingFlags invokeAttr)\n","DisplayName":"SignIn_ValidCredentials_SuccessfulSignIn","Messages":[],"ComputerName":"ITSM-738","Duration":"00:00:00.0002000","StartTime":"2025-09-15T07:19:57.0352863+00:00","EndTime":"2025-09-15T07:19:57.0354864+00:00","Properties":[{"Key":{"Id":"NUnit.Seed","Label":"Seed","Category":"","Description":"","Attributes":0,"ValueType":"System.String"},"Value":"1030663014"}]},{"TestCase":{"Id":"8348c1b7-b55d-5ba7-6c0f-339a6b3c5ce8","FullyQualifiedName":"WWT_Automation.AdminTool.SignIn.SignIn_ValidCredentialsWith2FA_6DigitScreenAppears","DisplayName":"SignIn_ValidCredentialsWith2FA_6DigitScreenAppears","ExecutorUri":"executor://NUnit3TestExecutor","Source":"D:\\Automation\\WWT-Automation\\bin\\Debug\\net8.0\\fine-code-coverage\\build-output\\WWT-Automation.dll","CodeFilePath":null,"LineNumber":0,"Properties":[{"Key":{"Id":"NUnit.Seed","Label":"Seed","Category":"","Description":"","Attributes":0,"ValueType":"System.String"},"Value":"1187382004"}]},"Attachments":[],"Outcome":2,"ErrorMessage":"System.NullReferenceException : Object reference not set to an instance of an object.\r\nTearDown : System.NullReferenceException : Object reference not set to an instance of an object.","ErrorStackTrace":"   at WWT_Automation.Utilities.Base.StartBrowser() in D:\\Automation\\WWT-Automation\\Utilities\\Base.cs:line 22\r\n   at InvokeStub_Base.StartBrowser(Object, Object, IntPtr*)\r\n   at System.Reflection.MethodBaseInvoker.InvokeWithNoArgs(Object obj, BindingFlags invokeAttr)\r\n--TearDown\r\n   at WWT_Automation.Utilities.Base.Dispose() in D:\\Automation\\WWT-Automation\\Utilities\\Base.cs:line 50\r\n   at InvokeStub_Base.Dispose(Object, Object, IntPtr*)\r\n   at System.Reflection.MethodBaseInvoker.InvokeWithNoArgs(Object obj, BindingFlags invokeAttr)\n","DisplayName":"SignIn_ValidCredentialsWith2FA_6DigitScreenAppears","Messages":[],"ComputerName":"ITSM-738","Duration":"00:00:00.0001920","StartTime":"2025-09-15T07:19:57.0354945+00:00","EndTime":"2025-09-15T07:19:57.0356858+00:00","Properties":[{"Key":{"Id":"NUnit.Seed","Label":"Seed","Category":"","Description":"","Attributes":0,"ValueType":"System.String"},"Value":"1187382004"}]}],"TestRunStatistics":{"ExecutedTests":4,"Stats":{"Failed":4}},"ActiveTests":[]},"RunAttachments":[],"ExecutorUris":["executor://nunit3testexecutor/"]}}
TpTrace Verbose: 0 : 1120, 4, 2025/09/15, 09:19:57.098, 1938634540866, testhost.dll, BaseRunTests.RunTests: Run is complete.
TpTrace Verbose: 0 : 1120, 10, 2025/09/15, 09:19:57.099, 1938634545011, testhost.dll, TcpClientExtensions.MessageLoopAsync: NotifyDataAvailable remoteEndPoint: [::ffff:127.0.0.1]:53117 localEndPoint: [::ffff:127.0.0.1]:53118
TpTrace Information: 0 : 1120, 10, 2025/09/15, 09:19:57.099, 1938634545666, testhost.dll, TestRequestHandler.OnMessageReceived: received message: (TestSession.Terminate) -> {"MessageType":"TestSession.Terminate","Payload":null}
TpTrace Information: 0 : 1120, 10, 2025/09/15, 09:19:57.099, 1938634545945, testhost.dll, Session End message received from server. Closing the connection.
TpTrace Information: 0 : 1120, 10, 2025/09/15, 09:19:57.099, 1938634548367, testhost.dll, SocketClient.Stop: Stop communication from server endpoint: 127.0.0.1:053117
TpTrace Information: 0 : 1120, 10, 2025/09/15, 09:19:57.099, 1938634548745, testhost.dll, SocketClient: Stop: Cancellation requested. Stopping message loop.
TpTrace Verbose: 0 : 1120, 10, 2025/09/15, 09:19:57.099, 1938634549913, testhost.dll, LengthPrefixCommunicationChannel.Dispose: Dispose reader and writer.
TpTrace Information: 0 : 1120, 10, 2025/09/15, 09:19:57.099, 1938634550466, testhost.dll, Closing the connection !
TpTrace Verbose: 0 : 1120, 10, 2025/09/15, 09:19:57.099, 1938634550769, testhost.dll, MulticastDelegateUtilities.SafeInvoke: LengthPrefixCommunicationChannel: MessageReceived: Invoking callback 1/1 for Microsoft.VisualStudio.TestPlatform.CommunicationUtilities.TestRequestHandler., took 0 ms.
TpTrace Information: 0 : 1120, 1, 2025/09/15, 09:19:57.099, 1938634551299, testhost.dll, Closing the connection!
TpTrace Information: 0 : 1120, 1, 2025/09/15, 09:19:57.099, 1938634552039, testhost.dll, Testhost process exiting.
TpTrace Information: 0 : 1120, 10, 2025/09/15, 09:19:57.099, 1938634552063, testhost.dll, SocketClient.PrivateStop: Stop communication from server endpoint: 127.0.0.1:053117, error:
TpTrace Verbose: 0 : 1120, 10, 2025/09/15, 09:19:57.100, 1938634553576, testhost.dll, LengthPrefixCommunicationChannel.Dispose: Dispose reader and writer.
TpTrace Verbose: 0 : 1120, 10, 2025/09/15, 09:19:57.100, 1938634553947, testhost.dll, TcpClientExtensions.MessageLoopAsync: exiting MessageLoopAsync remoteEndPoint: [::ffff:127.0.0.1]:53117 localEndPoint: [::ffff:127.0.0.1]:53118
