TpTrace Verbose: 0 : 11540, 2, 2025/09/16, 18:09:15.753, 3120221089341, datacollector.dll, Version: 17.14.1-release-25302-01
TpTrace Information: 0 : 11540, 2, 2025/09/16, 18:09:15.757, 3120221124321, datacollector.dll, DataCollectorMain.Run: Starting data collector run with args: --port,53218,--parentprocessid,27432,--diag,D:\Automation\WWT-Automation\bin\Debug\net8.0\fine-code-coverage\coverage-tool-output\diagnostics.datacollector.25-09-16_18-09-15_66845_5.log,--tracelevel,4
TpTrace Information: 0 : 11540, 2, 2025/09/16, 18:09:15.757, 3120221125025, datacollector.dll, DataCollector: Monitoring parent process with id: '27432'
TpTrace Information: 0 : 11540, 2, 2025/09/16, 18:09:15.763, 3120221186995, datacollector.dll, Trying to connect to server on socket : 127.0.0.1:53218 
TpTrace Verbose: 0 : 11540, 2, 2025/09/16, 18:09:15.772, 3120221282717, datacollector.dll, SocketCommunicationManager : SetupClientAsync : Attempting to connect to the server.
TpTrace Information: 0 : 11540, 6, 2025/09/16, 18:09:15.778, 3120221342488, datacollector.dll, Connected to the server successfully 
TpTrace Information: 0 : 11540, 6, 2025/09/16, 18:09:15.779, 3120221343326, datacollector.dll, Using the buffer size of 16384 bytes
TpTrace Information: 0 : 11540, 2, 2025/09/16, 18:09:15.817, 3120221727948, datacollector.dll, DataCollector: Start Request Processing.
TpTrace Verbose: 0 : 11540, 2, 2025/09/16, 18:09:15.817, 3120221729680, datacollector.dll, SocketCommunicationManager.WaitForServerConnection took: 0 ms, with 90000 ms timeout, and finished with True.
TpTrace Information: 0 : 11540, 2, 2025/09/16, 18:09:15.817, 3120221731625, datacollector.dll, DataCollectionRequestHandler.ProcessRequests: Datacollector received message: (DataCollection.BeforeTestRunStart) -> {"MessageType":"DataCollection.BeforeTestRunStart","Payload":{"SettingsXml":"<RunSettings><RunConfiguration><ResultsDirectory>D:\\Automation\\WWT-Automation\\bin\\Debug\\net8.0\\fine-code-coverage\\coverage-tool-output</ResultsDirectory><TargetPlatform>X64</TargetPlatform><TargetFrameworkVersion>.NETCoreApp,Version=v8.0</TargetFrameworkVersion><DesignMode>False</DesignMode><CollectSourceInformation>False</CollectSourceInformation><TestAdaptersPaths>C:\\Program Files\\dotnet\\sdk\\9.0.304\\Extensions</TestAdaptersPaths></RunConfiguration><LoggerRunSettings><Loggers><Logger friendlyName=\"blame\" enabled=\"True\" /><Logger friendlyName=\"Console\" uri=\"logger://microsoft/TestPlatform/ConsoleLogger/v1\" assemblyQualifiedName=\"Microsoft.VisualStudio.TestPlatform.CommandLine.Internal.ConsoleLogger, vstest.console, Version=15.0.0.0, Culture=neutral, PublicKeyToken=b03f5f7f11d50a3a\" codeBase=\"C:\\Program Files\\dotnet\\sdk\\9.0.304\\vstest.console.dll\" enabled=\"True\" /></Loggers></LoggerRunSettings><DataCollectionRunSettings><DataCollectors><DataCollector friendlyName=\"blame\" enabled=\"True\"><Configuration><ResultsDirectory>D:\\Automation\\WWT-Automation\\bin\\Debug\\net8.0\\fine-code-coverage\\coverage-tool-output</ResultsDirectory></Configuration></DataCollector></DataCollectors></DataCollectionRunSettings></RunSettings>","Sources":["D:\\Automation\\WWT-Automation\\bin\\Debug\\net8.0\\fine-code-coverage\\build-output\\WWT-Automation.dll"],"IsTelemetryOptedIn":false}}
TpTrace Verbose: 0 : 11540, 2, 2025/09/16, 18:09:15.845, 3120222008787, datacollector.dll, TestPluginCache: Update extensions started. Skip filter = False
TpTrace Verbose: 0 : 11540, 2, 2025/09/16, 18:09:15.846, 3120222013993, datacollector.dll, TestPluginCache: Using directories for assembly resolution 'C:\Program Files\dotnet\sdk\9.0.304\Extensions'.
TpTrace Verbose: 0 : 11540, 2, 2025/09/16, 18:09:15.846, 3120222014493, datacollector.dll, TestPluginCache: Updated the available extensions to 'C:\Program Files\dotnet\sdk\9.0.304\Extensions\Microsoft.TestPlatform.Extensions.BlameDataCollector.dll,C:\Program Files\dotnet\sdk\9.0.304\Extensions\Microsoft.TestPlatform.Extensions.EventLogCollector.dll'.
TpTrace Verbose: 0 : 11540, 2, 2025/09/16, 18:09:15.849, 3120222048789, datacollector.dll, TestPluginCache.DiscoverTestExtensions: finding test extensions in assemblies ends with: Collector.dll TPluginInfo: Microsoft.VisualStudio.TestPlatform.Common.DataCollector.DataCollectorConfig TExtension: Microsoft.VisualStudio.TestPlatform.ObjectModel.DataCollection.DataCollector
TpTrace Verbose: 0 : 11540, 2, 2025/09/16, 18:09:15.850, 3120222056387, datacollector.dll, TestPluginCache.GetExtensionPaths: Filtered extension paths: C:\Program Files\dotnet\sdk\9.0.304\Extensions\Microsoft.TestPlatform.Extensions.BlameDataCollector.dll
C:\Program Files\dotnet\sdk\9.0.304\Extensions\Microsoft.TestPlatform.Extensions.EventLogCollector.dll
TpTrace Verbose: 0 : 11540, 2, 2025/09/16, 18:09:15.850, 3120222056852, datacollector.dll, TestPluginCache.GetExtensionPaths: Added default extension paths: 
TpTrace Verbose: 0 : 11540, 2, 2025/09/16, 18:09:15.850, 3120222057090, datacollector.dll, TestPluginCache.GetExtensionPaths: Added unfilterableExtensionPaths: 
TpTrace Information: 0 : 11540, 2, 2025/09/16, 18:09:15.850, 3120222060849, datacollector.dll, AssemblyResolver.ctor: Creating AssemblyResolver with searchDirectories C:\Program Files\dotnet\sdk\9.0.304\Extensions,C:\Program Files\dotnet\sdk\9.0.304
TpTrace Verbose: 0 : 11540, 2, 2025/09/16, 18:09:15.851, 3120222069220, datacollector.dll, TestPluginCache.DiscoverTestExtensions: Discovering the extensions using extension path.
TpTrace Verbose: 0 : 11540, 2, 2025/09/16, 18:09:15.851, 3120222070112, datacollector.dll, TestPluginCache.GetExtensionPaths: Filtered extension paths: C:\Program Files\dotnet\sdk\9.0.304\Extensions\Microsoft.TestPlatform.Extensions.BlameDataCollector.dll
C:\Program Files\dotnet\sdk\9.0.304\Extensions\Microsoft.TestPlatform.Extensions.EventLogCollector.dll
TpTrace Verbose: 0 : 11540, 2, 2025/09/16, 18:09:15.851, 3120222070427, datacollector.dll, TestPluginCache.GetExtensionPaths: Added default extension paths: 
TpTrace Verbose: 0 : 11540, 2, 2025/09/16, 18:09:15.851, 3120222070641, datacollector.dll, TestPluginCache.GetExtensionPaths: Added unfilterableExtensionPaths: 
TpTrace Verbose: 0 : 11540, 2, 2025/09/16, 18:09:15.851, 3120222070986, datacollector.dll, TestPluginCache.DiscoverTestExtensions: Discovering the extensions using allExtensionPaths: C:\Program Files\dotnet\sdk\9.0.304\Extensions\Microsoft.TestPlatform.Extensions.BlameDataCollector.dll
C:\Program Files\dotnet\sdk\9.0.304\Extensions\Microsoft.TestPlatform.Extensions.EventLogCollector.dll
TpTrace Information: 0 : 11540, 2, 2025/09/16, 18:09:15.851, 3120222071677, datacollector.dll, AssemblyResolver.AddSearchDirectories: Adding more searchDirectories C:\Program Files\dotnet\sdk\9.0.304\Extensions,C:\Program Files\dotnet\sdk\9.0.304
TpTrace Information: 0 : 11540, 2, 2025/09/16, 18:09:15.851, 3120222072146, datacollector.dll, AssemblyResolver.AddSearchDirectories: Adding more searchDirectories C:\Program Files\dotnet\sdk\9.0.304\Extensions,C:\Program Files\dotnet\sdk\9.0.304
TpTrace Information: 0 : 11540, 2, 2025/09/16, 18:09:15.852, 3120222075008, datacollector.dll, AssemblyResolver.OnResolve: Microsoft.TestPlatform.Extensions.BlameDataCollector: Resolving assembly.
TpTrace Information: 0 : 11540, 2, 2025/09/16, 18:09:15.852, 3120222075596, datacollector.dll, AssemblyResolver.OnResolve: Microsoft.TestPlatform.Extensions.BlameDataCollector: Searching in: 'C:\Program Files\dotnet\sdk\9.0.304\Extensions'.
TpTrace Information: 0 : 11540, 2, 2025/09/16, 18:09:15.862, 3120222174141, datacollector.dll, AssemblyResolver.OnResolve: Microsoft.TestPlatform.Extensions.BlameDataCollector: Loading assembly 'C:\Program Files\dotnet\sdk\9.0.304\Extensions\Microsoft.TestPlatform.Extensions.BlameDataCollector.dll'.
TpTrace Information: 0 : 11540, 2, 2025/09/16, 18:09:15.862, 3120222178603, datacollector.dll, AssemblyResolver.OnResolve: Resolved assembly: Microsoft.TestPlatform.Extensions.BlameDataCollector, from path: C:\Program Files\dotnet\sdk\9.0.304\Extensions\Microsoft.TestPlatform.Extensions.BlameDataCollector.dll
TpTrace Verbose: 0 : 11540, 2, 2025/09/16, 18:09:15.863, 3120222184234, datacollector.dll, MetadataReaderExtensionsHelper: Discovering extensions inside assembly 'Microsoft.TestPlatform.Extensions.BlameDataCollector, Version=15.0.0.0, Culture=neutral, PublicKeyToken=b03f5f7f11d50a3a' file path 'C:\Program Files\dotnet\sdk\9.0.304\Extensions\Microsoft.TestPlatform.Extensions.BlameDataCollector.dll'
TpTrace Error: 0 : 11540, 2, 2025/09/16, 18:09:15.864, 3120222200169, datacollector.dll, The type "Microsoft.TestPlatform.Extensions.BlameDataCollector.BlameCollector" defined in "Microsoft.TestPlatform.Extensions.BlameDataCollector.dll" does not have ExtensionUri attribute.
TpTrace Information: 0 : 11540, 2, 2025/09/16, 18:09:15.867, 3120222223467, datacollector.dll, GetTestExtensionFromType: Register extension with identifier data 'datacollector://microsoft/TestPlatform/Extensions/Blame/v1' and type 'Microsoft.TestPlatform.Extensions.BlameDataCollector.BlameCollector, Microsoft.TestPlatform.Extensions.BlameDataCollector, Version=15.0.0.0, Culture=neutral, PublicKeyToken=b03f5f7f11d50a3a' inside file 'C:\Program Files\dotnet\sdk\9.0.304\Extensions\Microsoft.TestPlatform.Extensions.BlameDataCollector.dll'
TpTrace Information: 0 : 11540, 2, 2025/09/16, 18:09:15.867, 3120222224211, datacollector.dll, AssemblyResolver.OnResolve: Microsoft.TestPlatform.Extensions.EventLogCollector: Resolving assembly.
TpTrace Information: 0 : 11540, 2, 2025/09/16, 18:09:15.867, 3120222224606, datacollector.dll, AssemblyResolver.OnResolve: Microsoft.TestPlatform.Extensions.EventLogCollector: Searching in: 'C:\Program Files\dotnet\sdk\9.0.304\Extensions'.
TpTrace Information: 0 : 11540, 2, 2025/09/16, 18:09:15.867, 3120222227709, datacollector.dll, AssemblyResolver.OnResolve: Microsoft.TestPlatform.Extensions.EventLogCollector: Loading assembly 'C:\Program Files\dotnet\sdk\9.0.304\Extensions\Microsoft.TestPlatform.Extensions.EventLogCollector.dll'.
TpTrace Information: 0 : 11540, 2, 2025/09/16, 18:09:15.867, 3120222231287, datacollector.dll, AssemblyResolver.OnResolve: Resolved assembly: Microsoft.TestPlatform.Extensions.EventLogCollector, from path: C:\Program Files\dotnet\sdk\9.0.304\Extensions\Microsoft.TestPlatform.Extensions.EventLogCollector.dll
TpTrace Verbose: 0 : 11540, 2, 2025/09/16, 18:09:15.867, 3120222231979, datacollector.dll, MetadataReaderExtensionsHelper: Discovering extensions inside assembly 'Microsoft.TestPlatform.Extensions.EventLogCollector, Version=15.0.0.0, Culture=neutral, PublicKeyToken=b03f5f7f11d50a3a' file path 'C:\Program Files\dotnet\sdk\9.0.304\Extensions\Microsoft.TestPlatform.Extensions.EventLogCollector.dll'
TpTrace Error: 0 : 11540, 2, 2025/09/16, 18:09:15.869, 3120222248833, datacollector.dll, The type "Microsoft.TestPlatform.Extensions.EventLogCollector.EventLogDataCollector" defined in "Microsoft.TestPlatform.Extensions.EventLogCollector.dll" does not have ExtensionUri attribute.
TpTrace Information: 0 : 11540, 2, 2025/09/16, 18:09:15.869, 3120222250869, datacollector.dll, GetTestExtensionFromType: Register extension with identifier data 'datacollector://microsoft/EventLog/2.0' and type 'Microsoft.TestPlatform.Extensions.EventLogCollector.EventLogDataCollector, Microsoft.TestPlatform.Extensions.EventLogCollector, Version=15.0.0.0, Culture=neutral, PublicKeyToken=b03f5f7f11d50a3a' inside file 'C:\Program Files\dotnet\sdk\9.0.304\Extensions\Microsoft.TestPlatform.Extensions.EventLogCollector.dll'
TpTrace Verbose: 0 : 11540, 2, 2025/09/16, 18:09:15.869, 3120222252413, datacollector.dll, TestPluginCache: Discovered the extensions using extension path 'C:\Program Files\dotnet\sdk\9.0.304\Extensions\Microsoft.TestPlatform.Extensions.BlameDataCollector.dll,C:\Program Files\dotnet\sdk\9.0.304\Extensions\Microsoft.TestPlatform.Extensions.EventLogCollector.dll'.
TpTrace Verbose: 0 : 11540, 2, 2025/09/16, 18:09:15.870, 3120222252854, datacollector.dll, TestPluginCache: Discoverers are ''.
TpTrace Verbose: 0 : 11540, 2, 2025/09/16, 18:09:15.870, 3120222253083, datacollector.dll, TestPluginCache: Executors are ''.
TpTrace Verbose: 0 : 11540, 2, 2025/09/16, 18:09:15.870, 3120222253283, datacollector.dll, TestPluginCache: Executors2 are ''.
TpTrace Verbose: 0 : 11540, 2, 2025/09/16, 18:09:15.870, 3120222253501, datacollector.dll, TestPluginCache: Setting providers are ''.
TpTrace Verbose: 0 : 11540, 2, 2025/09/16, 18:09:15.870, 3120222253755, datacollector.dll, TestPluginCache: Loggers are ''.
TpTrace Verbose: 0 : 11540, 2, 2025/09/16, 18:09:15.870, 3120222253956, datacollector.dll, TestPluginCache: TestHosts are ''.
TpTrace Verbose: 0 : 11540, 2, 2025/09/16, 18:09:15.870, 3120222255381, datacollector.dll, TestPluginCache: DataCollectors are 'datacollector://microsoft/TestPlatform/Extensions/Blame/v1,datacollector://microsoft/EventLog/2.0'.
TpTrace Information: 0 : 11540, 2, 2025/09/16, 18:09:15.871, 3120222271838, datacollector.dll, TestPluginManager.CreateTestExtension: Attempting to load test extension: Microsoft.TestPlatform.Extensions.BlameDataCollector.BlameCollector
TpTrace Information: 0 : 11540, 2, 2025/09/16, 18:09:15.874, 3120222293336, datacollector.dll, [MonitorPostmortemDump]Monitor enabled: 'False'
TpTrace Verbose: 0 : 11540, 2, 2025/09/16, 18:09:15.874, 3120222297775, datacollector.dll, MulticastDelegateUtilities.SafeInvoke: DataCollectionEvents.SessionStart: Invoking callbacks was skipped because there are no subscribers.
TpTrace Information: 0 : 11540, 2, 2025/09/16, 18:09:15.874, 3120222301772, datacollector.dll, Listening on Endpoint : 127.0.0.1:53220
TpTrace Information: 0 : 11540, 2, 2025/09/16, 18:09:15.878, 3120222342052, datacollector.dll, DataCollectionRequestHandler.ProcessRequests : DataCollection started.
TpTrace Information: 0 : 11540, 2, 2025/09/16, 18:09:15.887, 3120222427998, datacollector.dll, DataCollectionRequestHandler.ProcessRequests: Datacollector received message: (DataCollection.TestHostLaunched) -> {"MessageType":"DataCollection.TestHostLaunched","Payload":{"ProcessId":5080}}
TpTrace Verbose: 0 : 11540, 2, 2025/09/16, 18:09:15.888, 3120222439662, datacollector.dll, MulticastDelegateUtilities.SafeInvoke: DataCollectionEvents.TestHostLaunched: Invoking callback 1/1 for Microsoft.TestPlatform.Extensions.BlameDataCollector.BlameCollector., took 0 ms.
TpTrace Information: 0 : 11540, 8, 2025/09/16, 18:09:16.011, 3120223665454, datacollector.dll, Using the buffer size of 16384 bytes
TpTrace Verbose: 0 : 11540, 6, 2025/09/16, 18:09:16.011, 3120223665550, datacollector.dll, SocketCommunicationManager.WaitForClientConnection took: 134 ms, with 90000 ms timeout, and finished with True.
TpTrace Information: 0 : 11540, 8, 2025/09/16, 18:09:16.011, 3120223666066, datacollector.dll, Accepted Client request and set the flag
TpTrace Information: 0 : 11540, 6, 2025/09/16, 18:09:16.321, 3120226771826, datacollector.dll, DataCollectionTestCaseEventHandler: Test case starting.
TpTrace Information: 0 : 11540, 6, 2025/09/16, 18:09:16.329, 3120226845256, datacollector.dll, BlameCollector.EventsTestCaseStart: Test Case Start
TpTrace Verbose: 0 : 11540, 6, 2025/09/16, 18:09:16.329, 3120226846557, datacollector.dll, MulticastDelegateUtilities.SafeInvoke: DataCollectionEvents.TestCaseStart: Invoking callback 1/1 for Microsoft.TestPlatform.Extensions.BlameDataCollector.BlameCollector., took 0 ms.
TpTrace Information: 0 : 11540, 6, 2025/09/16, 18:09:16.329, 3120226848141, datacollector.dll, DataCollectionTestCaseEventHandler: Test case 'SignIn_InvalidPassword_ErrorMessage - 1d138616-26a8-8378-1bb0-e830bc21462a' started.
TpTrace Information: 0 : 11540, 6, 2025/09/16, 18:09:17.934, 3120242897482, datacollector.dll, DataCollectionTestCaseEventHandler: Test case completing.
TpTrace Information: 0 : 11540, 6, 2025/09/16, 18:09:17.937, 3120242927443, datacollector.dll, BlameCollector.EventsTestCaseEnd: Test Case End
TpTrace Verbose: 0 : 11540, 6, 2025/09/16, 18:09:17.937, 3120242929161, datacollector.dll, MulticastDelegateUtilities.SafeInvoke: DataCollectionEvents.TestCaseEnd: Invoking callback 1/1 for Microsoft.TestPlatform.Extensions.BlameDataCollector.BlameCollector., took 0 ms.
TpTrace Information: 0 : 11540, 6, 2025/09/16, 18:09:17.939, 3120242943108, datacollector.dll, DataCollectionTestCaseEventHandler: Test case 'SignIn_InvalidPassword_ErrorMessage - 1d138616-26a8-8378-1bb0-e830bc21462a' completed
TpTrace Information: 0 : 11540, 6, 2025/09/16, 18:09:17.945, 3120243003413, datacollector.dll, DataCollectionTestCaseEventHandler: Test case starting.
TpTrace Information: 0 : 11540, 6, 2025/09/16, 18:09:17.945, 3120243010926, datacollector.dll, BlameCollector.EventsTestCaseStart: Test Case Start
TpTrace Verbose: 0 : 11540, 6, 2025/09/16, 18:09:17.945, 3120243011663, datacollector.dll, MulticastDelegateUtilities.SafeInvoke: DataCollectionEvents.TestCaseStart: Invoking callback 1/1 for Microsoft.TestPlatform.Extensions.BlameDataCollector.BlameCollector., took 0 ms.
TpTrace Information: 0 : 11540, 6, 2025/09/16, 18:09:17.946, 3120243012919, datacollector.dll, DataCollectionTestCaseEventHandler: Test case 'SignIn_InvalidUsername_ErrorMessage - 75706411-ca80-5f69-3353-a87307103444' started.
TpTrace Information: 0 : 11540, 6, 2025/09/16, 18:09:19.937, 3120262929969, datacollector.dll, DataCollectionTestCaseEventHandler: Test case completing.
TpTrace Information: 0 : 11540, 6, 2025/09/16, 18:09:19.938, 3120262936758, datacollector.dll, BlameCollector.EventsTestCaseEnd: Test Case End
TpTrace Verbose: 0 : 11540, 6, 2025/09/16, 18:09:19.938, 3120262937334, datacollector.dll, MulticastDelegateUtilities.SafeInvoke: DataCollectionEvents.TestCaseEnd: Invoking callback 1/1 for Microsoft.TestPlatform.Extensions.BlameDataCollector.BlameCollector., took 0 ms.
TpTrace Information: 0 : 11540, 6, 2025/09/16, 18:09:19.938, 3120262938845, datacollector.dll, DataCollectionTestCaseEventHandler: Test case 'SignIn_InvalidUsername_ErrorMessage - 75706411-ca80-5f69-3353-a87307103444' completed
TpTrace Information: 0 : 11540, 6, 2025/09/16, 18:09:19.939, 3120262950273, datacollector.dll, DataCollectionTestCaseEventHandler: Test case starting.
TpTrace Information: 0 : 11540, 6, 2025/09/16, 18:09:19.940, 3120262953338, datacollector.dll, BlameCollector.EventsTestCaseStart: Test Case Start
TpTrace Verbose: 0 : 11540, 6, 2025/09/16, 18:09:19.940, 3120262953808, datacollector.dll, MulticastDelegateUtilities.SafeInvoke: DataCollectionEvents.TestCaseStart: Invoking callback 1/1 for Microsoft.TestPlatform.Extensions.BlameDataCollector.BlameCollector., took 0 ms.
TpTrace Information: 0 : 11540, 6, 2025/09/16, 18:09:19.940, 3120262954742, datacollector.dll, DataCollectionTestCaseEventHandler: Test case 'SignIn_ValidCredentials_SuccessfulSignIn - 9df48537-7070-188c-0953-ff8ce55a3600' started.
TpTrace Information: 0 : 11540, 6, 2025/09/16, 18:09:22.807, 3120291632087, datacollector.dll, DataCollectionTestCaseEventHandler: Test case completing.
TpTrace Information: 0 : 11540, 6, 2025/09/16, 18:09:22.808, 3120291636427, datacollector.dll, BlameCollector.EventsTestCaseEnd: Test Case End
TpTrace Verbose: 0 : 11540, 6, 2025/09/16, 18:09:22.808, 3120291636927, datacollector.dll, MulticastDelegateUtilities.SafeInvoke: DataCollectionEvents.TestCaseEnd: Invoking callback 1/1 for Microsoft.TestPlatform.Extensions.BlameDataCollector.BlameCollector., took 0 ms.
TpTrace Information: 0 : 11540, 6, 2025/09/16, 18:09:22.808, 3120291638009, datacollector.dll, DataCollectionTestCaseEventHandler: Test case 'SignIn_ValidCredentials_SuccessfulSignIn - 9df48537-7070-188c-0953-ff8ce55a3600' completed
TpTrace Information: 0 : 11540, 6, 2025/09/16, 18:09:22.809, 3120291648608, datacollector.dll, DataCollectionTestCaseEventHandler: Test case starting.
TpTrace Information: 0 : 11540, 6, 2025/09/16, 18:09:22.809, 3120291651373, datacollector.dll, BlameCollector.EventsTestCaseStart: Test Case Start
TpTrace Verbose: 0 : 11540, 6, 2025/09/16, 18:09:22.809, 3120291652620, datacollector.dll, MulticastDelegateUtilities.SafeInvoke: DataCollectionEvents.TestCaseStart: Invoking callback 1/1 for Microsoft.TestPlatform.Extensions.BlameDataCollector.BlameCollector., took 0 ms.
TpTrace Information: 0 : 11540, 6, 2025/09/16, 18:09:22.810, 3120291653614, datacollector.dll, DataCollectionTestCaseEventHandler: Test case 'SignIn_ValidCredentialsWith2FA_6DigitScreenAppears - 113290f1-28d2-b4e5-8642-09c27e899f77' started.
TpTrace Information: 0 : 11540, 6, 2025/09/16, 18:09:26.603, 3120329587954, datacollector.dll, DataCollectionTestCaseEventHandler: Test case completing.
TpTrace Information: 0 : 11540, 6, 2025/09/16, 18:09:26.603, 3120329591419, datacollector.dll, BlameCollector.EventsTestCaseEnd: Test Case End
TpTrace Verbose: 0 : 11540, 6, 2025/09/16, 18:09:26.603, 3120329592387, datacollector.dll, MulticastDelegateUtilities.SafeInvoke: DataCollectionEvents.TestCaseEnd: Invoking callback 1/1 for Microsoft.TestPlatform.Extensions.BlameDataCollector.BlameCollector., took 0 ms.
TpTrace Information: 0 : 11540, 6, 2025/09/16, 18:09:26.604, 3120329593873, datacollector.dll, DataCollectionTestCaseEventHandler: Test case 'SignIn_ValidCredentialsWith2FA_6DigitScreenAppears - 113290f1-28d2-b4e5-8642-09c27e899f77' completed
TpTrace Information: 0 : 11540, 6, 2025/09/16, 18:09:26.610, 3120329654448, datacollector.dll, DataCollectionTestCaseEventHandler: Test session ended
TpTrace Information: 0 : 11540, 2, 2025/09/16, 18:09:26.645, 3120330011639, datacollector.dll, DataCollectionRequestHandler.ProcessRequests: Datacollector received message: (DataCollection.AfterTestRunEnd) -> {"MessageType":"DataCollection.AfterTestRunEnd","Payload":false}
TpTrace Information: 0 : 11540, 2, 2025/09/16, 18:09:26.646, 3120330019092, datacollector.dll, Blame Collector: Session End
TpTrace Information: 0 : 11540, 2, 2025/09/16, 18:09:26.646, 3120330019612, datacollector.dll, BlameCollector.CollectDumpAndAbortTesthost: Custom path to dump directory was provided via VSTEST_DUMP_PATH. Skipping attachment upload, the caller is responsible for collecting and uploading the dumps themselves.
TpTrace Verbose: 0 : 11540, 2, 2025/09/16, 18:09:26.646, 3120330020283, datacollector.dll, MulticastDelegateUtilities.SafeInvoke: DataCollectionEvents.SessionEnd: Invoking callback 1/1 for Microsoft.TestPlatform.Extensions.BlameDataCollector.BlameCollector., took 0 ms.
TpTrace Information: 0 : 11540, 2, 2025/09/16, 18:09:26.647, 3120330025033, datacollector.dll, DataCollectionManager.CleanupPlugins: CleanupPlugins called
TpTrace Verbose: 0 : 11540, 2, 2025/09/16, 18:09:26.647, 3120330025470, datacollector.dll, DataCollectionManager.CleanupPlugins: Cleaning up 1 plugins
TpTrace Verbose: 0 : 11540, 2, 2025/09/16, 18:09:26.647, 3120330026177, datacollector.dll, dataCollectorInfo.DisposeDataCollector: calling Dispose() on Microsoft.TestPlatform.Extensions.BlameDataCollector.BlameCollector
TpTrace Information: 0 : 11540, 2, 2025/09/16, 18:09:26.647, 3120330026835, datacollector.dll, DataCollectionManager.CleanupPlugins: CleanupPlugins finished
TpTrace Information: 0 : 11540, 2, 2025/09/16, 18:09:26.650, 3120330056682, datacollector.dll, DataCollectionRequestHandler.ProcessRequests : Session End message received from server. Closing the connection.
TpTrace Information: 0 : 11540, 2, 2025/09/16, 18:09:26.650, 3120330058429, datacollector.dll, Closing the connection !
TpTrace Information: 0 : 11540, 2, 2025/09/16, 18:09:26.650, 3120330058769, datacollector.dll, DataCollectionRequestHandler.ProcessRequests : DataCollection completed
TpTrace Information: 0 : 11540, 2, 2025/09/16, 18:09:26.650, 3120330058980, datacollector.dll, Program.Main: exiting datacollector process.
